{"level":"info","message":"Server is running on port:  5000","service":"authService","timestamp":"2025-03-05T12:42:22.617Z"}
{"level":"info","message":"Connected to Redis","service":"authService","timestamp":"2025-03-05T12:42:22.638Z"}
{"level":"info","message":"Connected to mongoDb","service":"authService","timestamp":"2025-03-05T12:42:22.678Z"}
{"level":"info","message":"Fetching from database...","service":"authService","timestamp":"2025-03-05T12:43:03.641Z"}
{"level":"info","message":"Server is running on port:  5000","service":"authService","timestamp":"2025-03-05T12:44:20.010Z"}
{"level":"info","message":"Connected to Redis","service":"authService","timestamp":"2025-03-05T12:44:20.031Z"}
{"level":"info","message":"Connected to mongoDb","service":"authService","timestamp":"2025-03-05T12:44:20.086Z"}
{"level":"info","message":"Serving from cache","service":"authService","timestamp":"2025-03-05T12:44:22.950Z"}
{"level":"info","message":"Serving from cache","service":"authService","timestamp":"2025-03-05T12:44:32.356Z"}
{"level":"info","message":"Serving from cache","service":"authService","timestamp":"2025-03-05T12:44:39.986Z"}
{"level":"info","message":"Serving from cache","service":"authService","timestamp":"2025-03-05T12:44:41.905Z"}
{"level":"info","message":"Serving from cache","service":"authService","timestamp":"2025-03-05T12:44:43.163Z"}
{"level":"info","message":"Fetching from database...","service":"authService","timestamp":"2025-03-05T12:49:01.010Z"}
{"level":"info","message":"Serving from cache","service":"authService","timestamp":"2025-03-05T12:51:40.365Z"}
{"level":"info","message":"Fetching from database...","service":"authService","timestamp":"2025-03-05T14:18:06.754Z"}
{"level":"info","message":"Server is running on port:  5000","service":"authService","timestamp":"2025-03-05T14:34:02.805Z"}
{"level":"info","message":"Connected to Redis","service":"authService","timestamp":"2025-03-05T14:34:02.837Z"}
{"level":"info","message":"Connected to mongoDb","service":"authService","timestamp":"2025-03-05T14:34:02.871Z"}
{"level":"info","message":"Server is running on port:  5000","service":"authService","timestamp":"2025-03-05T14:38:33.650Z"}
{"level":"info","message":"Connected to Redis","service":"authService","timestamp":"2025-03-05T14:38:33.667Z"}
{"level":"info","message":"Connected to mongoDb","service":"authService","timestamp":"2025-03-05T14:38:33.697Z"}
{"level":"info","message":"Server is running on port:  5000","service":"authService","timestamp":"2025-03-05T14:41:39.789Z"}
{"level":"info","message":"Connected to Redis","service":"authService","timestamp":"2025-03-05T14:41:39.865Z"}
{"level":"info","message":"Connected to mongoDb","service":"authService","timestamp":"2025-03-05T14:41:39.930Z"}
{"level":"info","message":"Server is running on port:  5000","service":"authService","timestamp":"2025-03-05T14:42:38.837Z"}
{"level":"info","message":"Connected to Redis","service":"authService","timestamp":"2025-03-05T14:42:38.855Z"}
{"level":"info","message":"Connected to mongoDb","service":"authService","timestamp":"2025-03-05T14:42:38.889Z"}
{"level":"info","message":"Server is running on port:  5000","service":"authService","timestamp":"2025-03-05T14:45:13.698Z"}
{"level":"info","message":"Connected to Redis","service":"authService","timestamp":"2025-03-05T14:45:13.736Z"}
{"level":"info","message":"Connected to mongoDb","service":"authService","timestamp":"2025-03-05T14:45:13.789Z"}
{"level":"info","message":"Server is running on port:  5000","service":"authService","timestamp":"2025-03-05T14:46:25.434Z"}
{"level":"info","message":"Connected to Redis","service":"authService","timestamp":"2025-03-05T14:46:25.453Z"}
{"level":"info","message":"Connected to mongoDb","service":"authService","timestamp":"2025-03-05T14:46:25.494Z"}
{"level":"info","message":"Server is running on port:  5000","service":"authService","timestamp":"2025-03-05T14:47:54.261Z"}
{"level":"info","message":"Connected to Redis","service":"authService","timestamp":"2025-03-05T14:47:54.292Z"}
{"level":"info","message":"Connected to mongoDb","service":"authService","timestamp":"2025-03-05T14:47:54.335Z"}
{"level":"info","message":"Server is running on port:  5000","service":"authService","timestamp":"2025-03-06T00:44:58.463Z"}
{"level":"info","message":"Connected to Redis","service":"authService","timestamp":"2025-03-06T00:44:58.481Z"}
{"level":"info","message":"Connected to mongoDb","service":"authService","timestamp":"2025-03-06T00:44:58.524Z"}
{"level":"info","message":"Server is running on port:  5000","service":"authService","timestamp":"2025-03-06T00:45:40.924Z"}
{"level":"info","message":"Connected to Redis","service":"authService","timestamp":"2025-03-06T00:45:40.946Z"}
{"level":"info","message":"Connected to mongoDb","service":"authService","timestamp":"2025-03-06T00:45:40.981Z"}
{"level":"info","message":"Recieved GET request to /api/products/get_products ","service":"authService","timestamp":"2025-03-06T00:46:13.127Z"}
{"level":"info","message":"Request body, [object Object]  ","service":"authService","timestamp":"2025-03-06T00:46:13.128Z"}
{"level":"info","message":"Fetching from database...","service":"authService","timestamp":"2025-03-06T00:46:13.153Z"}
{"level":"info","message":"Recieved GET request to /api/products/get_products ","service":"authService","timestamp":"2025-03-06T00:46:14.616Z"}
{"level":"info","message":"Request body, [object Object]  ","service":"authService","timestamp":"2025-03-06T00:46:14.617Z"}
{"level":"warn","message":"Rate limit exceed for ip :::ffff:127.0.0.1","service":"authService","timestamp":"2025-03-06T00:46:14.623Z"}
{"level":"info","message":"Recieved GET request to /api/products/get_products ","service":"authService","timestamp":"2025-03-06T00:46:15.415Z"}
{"level":"info","message":"Request body, [object Object]  ","service":"authService","timestamp":"2025-03-06T00:46:15.418Z"}
{"level":"warn","message":"Rate limit exceed for ip :::ffff:127.0.0.1","service":"authService","timestamp":"2025-03-06T00:46:15.420Z"}
{"level":"info","message":"Recieved GET request to /api/products/get_products ","service":"authService","timestamp":"2025-03-06T00:46:18.370Z"}
{"level":"info","message":"Request body, [object Object]  ","service":"authService","timestamp":"2025-03-06T00:46:18.371Z"}
{"level":"info","message":"Serving from cache","service":"authService","timestamp":"2025-03-06T00:46:18.378Z"}
{"level":"info","message":"Recieved GET request to /api/products/get_products ","service":"authService","timestamp":"2025-03-06T00:46:19.564Z"}
{"level":"info","message":"Request body, [object Object]  ","service":"authService","timestamp":"2025-03-06T00:46:19.565Z"}
{"level":"warn","message":"Rate limit exceed for ip :::ffff:127.0.0.1","service":"authService","timestamp":"2025-03-06T00:46:19.568Z"}
{"level":"info","message":"Recieved GET request to /api/products/get_products ","service":"authService","timestamp":"2025-03-06T00:46:20.713Z"}
{"level":"info","message":"Request body, [object Object]  ","service":"authService","timestamp":"2025-03-06T00:46:20.714Z"}
{"level":"warn","message":"Rate limit exceed for ip :::ffff:127.0.0.1","service":"authService","timestamp":"2025-03-06T00:46:20.716Z"}
{"level":"info","message":"Recieved GET request to /api/products/get_products ","service":"authService","timestamp":"2025-03-06T00:46:21.498Z"}
{"level":"info","message":"Request body, [object Object]  ","service":"authService","timestamp":"2025-03-06T00:46:21.500Z"}
{"level":"warn","message":"Rate limit exceed for ip :::ffff:127.0.0.1","service":"authService","timestamp":"2025-03-06T00:46:21.502Z"}
{"level":"info","message":"Recieved GET request to /api/products/get_products ","service":"authService","timestamp":"2025-03-06T00:46:22.328Z"}
{"level":"info","message":"Request body, [object Object]  ","service":"authService","timestamp":"2025-03-06T00:46:22.329Z"}
{"level":"warn","message":"Rate limit exceed for ip :::ffff:127.0.0.1","service":"authService","timestamp":"2025-03-06T00:46:22.334Z"}
{"level":"info","message":"Recieved GET request to /api/products/get_products ","service":"authService","timestamp":"2025-03-06T00:46:23.074Z"}
{"level":"info","message":"Request body, [object Object]  ","service":"authService","timestamp":"2025-03-06T00:46:23.076Z"}
{"level":"warn","message":"Rate limit exceed for ip :::ffff:127.0.0.1","service":"authService","timestamp":"2025-03-06T00:46:23.080Z"}
{"level":"info","message":"Recieved GET request to /api/products/get_products ","service":"authService","timestamp":"2025-03-06T00:46:23.999Z"}
{"level":"info","message":"Request body, [object Object]  ","service":"authService","timestamp":"2025-03-06T00:46:24.000Z"}
{"level":"info","message":"Serving from cache","service":"authService","timestamp":"2025-03-06T00:46:24.004Z"}
{"level":"info","message":"Server is running on port:  5000","service":"authService","timestamp":"2025-03-06T00:47:16.188Z"}
{"level":"info","message":"Connected to Redis","service":"authService","timestamp":"2025-03-06T00:47:16.209Z"}
{"level":"info","message":"Connected to mongoDb","service":"authService","timestamp":"2025-03-06T00:47:16.240Z"}
{"level":"info","message":"Recieved GET request to /api/products/get_products ","service":"authService","timestamp":"2025-03-06T00:47:16.416Z"}
{"level":"info","message":"Request body, [object Object]  ","service":"authService","timestamp":"2025-03-06T00:47:16.418Z"}
{"level":"info","message":"Serving from cache","service":"authService","timestamp":"2025-03-06T00:47:16.425Z"}
{"level":"info","message":"Recieved GET request to /api/products/get_products ","service":"authService","timestamp":"2025-03-06T00:47:16.757Z"}
{"level":"info","message":"Request body, [object Object]  ","service":"authService","timestamp":"2025-03-06T00:47:16.762Z"}
{"level":"info","message":"Serving from cache","service":"authService","timestamp":"2025-03-06T00:47:16.770Z"}
{"level":"info","message":"Recieved GET request to /api/products/get_products ","service":"authService","timestamp":"2025-03-06T00:47:19.953Z"}
{"level":"info","message":"Request body, [object Object]  ","service":"authService","timestamp":"2025-03-06T00:47:19.954Z"}
{"level":"info","message":"Serving from cache","service":"authService","timestamp":"2025-03-06T00:47:19.959Z"}
{"level":"info","message":"Recieved GET request to /api/products/get_products ","service":"authService","timestamp":"2025-03-06T00:47:20.110Z"}
{"level":"info","message":"Request body, [object Object]  ","service":"authService","timestamp":"2025-03-06T00:47:20.111Z"}
{"level":"info","message":"Serving from cache","service":"authService","timestamp":"2025-03-06T00:47:20.122Z"}
{"level":"info","message":"Recieved GET request to /api/products/get_products ","service":"authService","timestamp":"2025-03-06T00:47:20.395Z"}
{"level":"info","message":"Request body, [object Object]  ","service":"authService","timestamp":"2025-03-06T00:47:20.395Z"}
{"level":"info","message":"Serving from cache","service":"authService","timestamp":"2025-03-06T00:47:20.400Z"}
{"level":"info","message":"Recieved GET request to /api/products/get_products ","service":"authService","timestamp":"2025-03-06T00:47:20.564Z"}
{"level":"info","message":"Request body, [object Object]  ","service":"authService","timestamp":"2025-03-06T00:47:20.564Z"}
{"level":"info","message":"Serving from cache","service":"authService","timestamp":"2025-03-06T00:47:20.568Z"}
{"level":"info","message":"Recieved GET request to /api/products/get_products ","service":"authService","timestamp":"2025-03-06T00:47:20.835Z"}
{"level":"info","message":"Request body, [object Object]  ","service":"authService","timestamp":"2025-03-06T00:47:20.836Z"}
{"level":"info","message":"Serving from cache","service":"authService","timestamp":"2025-03-06T00:47:20.840Z"}
{"level":"info","message":"Recieved GET request to /api/products/get_products ","service":"authService","timestamp":"2025-03-06T00:47:20.973Z"}
{"level":"info","message":"Request body, [object Object]  ","service":"authService","timestamp":"2025-03-06T00:47:20.974Z"}
{"level":"info","message":"Serving from cache","service":"authService","timestamp":"2025-03-06T00:47:20.978Z"}
{"level":"info","message":"Recieved GET request to /api/products/get_products ","service":"authService","timestamp":"2025-03-06T00:47:21.240Z"}
{"level":"info","message":"Request body, [object Object]  ","service":"authService","timestamp":"2025-03-06T00:47:21.241Z"}
{"level":"info","message":"Serving from cache","service":"authService","timestamp":"2025-03-06T00:47:21.249Z"}
{"level":"info","message":"Recieved GET request to /api/products/get_products ","service":"authService","timestamp":"2025-03-06T00:47:21.518Z"}
{"level":"info","message":"Request body, [object Object]  ","service":"authService","timestamp":"2025-03-06T00:47:21.519Z"}
{"level":"info","message":"Serving from cache","service":"authService","timestamp":"2025-03-06T00:47:21.523Z"}
{"level":"info","message":"Recieved GET request to /api/products/get_products ","service":"authService","timestamp":"2025-03-06T00:47:21.898Z"}
{"level":"info","message":"Request body, [object Object]  ","service":"authService","timestamp":"2025-03-06T00:47:21.899Z"}
{"level":"info","message":"Serving from cache","service":"authService","timestamp":"2025-03-06T00:47:21.901Z"}
{"level":"info","message":"Recieved GET request to /api/products/get_products ","service":"authService","timestamp":"2025-03-06T00:47:22.085Z"}
{"level":"info","message":"Request body, [object Object]  ","service":"authService","timestamp":"2025-03-06T00:47:22.086Z"}
{"level":"info","message":"Serving from cache","service":"authService","timestamp":"2025-03-06T00:47:22.090Z"}
{"level":"info","message":"Recieved GET request to /api/products/get_products ","service":"authService","timestamp":"2025-03-06T00:47:23.116Z"}
{"level":"info","message":"Request body, [object Object]  ","service":"authService","timestamp":"2025-03-06T00:47:23.117Z"}
{"level":"info","message":"Serving from cache","service":"authService","timestamp":"2025-03-06T00:47:23.120Z"}
{"level":"info","message":"Recieved GET request to /api/products/get_products ","service":"authService","timestamp":"2025-03-06T00:47:26.270Z"}
{"level":"info","message":"Request body, [object Object]  ","service":"authService","timestamp":"2025-03-06T00:47:26.271Z"}
{"level":"info","message":"Serving from cache","service":"authService","timestamp":"2025-03-06T00:47:26.275Z"}
{"level":"info","message":"Recieved GET request to /api/products/get_products ","service":"authService","timestamp":"2025-03-06T00:47:26.422Z"}
{"level":"info","message":"Request body, [object Object]  ","service":"authService","timestamp":"2025-03-06T00:47:26.423Z"}
{"level":"info","message":"Serving from cache","service":"authService","timestamp":"2025-03-06T00:47:26.430Z"}
{"level":"info","message":"Recieved GET request to /api/products/get_products ","service":"authService","timestamp":"2025-03-06T00:47:26.697Z"}
{"level":"info","message":"Request body, [object Object]  ","service":"authService","timestamp":"2025-03-06T00:47:26.698Z"}
{"level":"info","message":"Serving from cache","service":"authService","timestamp":"2025-03-06T00:47:26.701Z"}
{"level":"info","message":"Recieved GET request to /api/products/get_products ","service":"authService","timestamp":"2025-03-06T00:47:26.834Z"}
{"level":"info","message":"Request body, [object Object]  ","service":"authService","timestamp":"2025-03-06T00:47:26.835Z"}
{"level":"info","message":"Serving from cache","service":"authService","timestamp":"2025-03-06T00:47:26.839Z"}
{"level":"info","message":"Recieved GET request to /api/products/get_products ","service":"authService","timestamp":"2025-03-06T00:47:27.087Z"}
{"level":"info","message":"Request body, [object Object]  ","service":"authService","timestamp":"2025-03-06T00:47:27.088Z"}
{"level":"info","message":"Serving from cache","service":"authService","timestamp":"2025-03-06T00:47:27.093Z"}
{"level":"info","message":"Recieved GET request to /api/products/get_products ","service":"authService","timestamp":"2025-03-06T00:47:27.224Z"}
{"level":"info","message":"Request body, [object Object]  ","service":"authService","timestamp":"2025-03-06T00:47:27.225Z"}
{"level":"info","message":"Serving from cache","service":"authService","timestamp":"2025-03-06T00:47:27.229Z"}
{"level":"info","message":"Recieved GET request to /api/products/get_products ","service":"authService","timestamp":"2025-03-06T00:47:27.488Z"}
{"level":"info","message":"Request body, [object Object]  ","service":"authService","timestamp":"2025-03-06T00:47:27.489Z"}
{"level":"info","message":"Serving from cache","service":"authService","timestamp":"2025-03-06T00:47:27.494Z"}
{"level":"info","message":"Recieved GET request to /api/products/get_products ","service":"authService","timestamp":"2025-03-06T00:47:27.616Z"}
{"level":"info","message":"Request body, [object Object]  ","service":"authService","timestamp":"2025-03-06T00:47:27.618Z"}
{"level":"info","message":"Serving from cache","service":"authService","timestamp":"2025-03-06T00:47:27.621Z"}
{"level":"info","message":"Recieved GET request to /api/products/get_products ","service":"authService","timestamp":"2025-03-06T00:47:27.866Z"}
{"level":"info","message":"Request body, [object Object]  ","service":"authService","timestamp":"2025-03-06T00:47:27.867Z"}
{"level":"info","message":"Serving from cache","service":"authService","timestamp":"2025-03-06T00:47:27.870Z"}
{"level":"info","message":"Recieved GET request to /api/products/get_products ","service":"authService","timestamp":"2025-03-06T00:47:28.054Z"}
{"level":"info","message":"Request body, [object Object]  ","service":"authService","timestamp":"2025-03-06T00:47:28.055Z"}
{"level":"info","message":"Serving from cache","service":"authService","timestamp":"2025-03-06T00:47:28.062Z"}
{"level":"info","message":"Server is running on port:  5000","service":"authService","timestamp":"2025-03-06T13:17:14.874Z"}
{"level":"info","message":"Connected to Redis","service":"authService","timestamp":"2025-03-06T13:17:14.906Z"}
{"level":"info","message":"Connected to mongoDb","service":"authService","timestamp":"2025-03-06T13:17:14.955Z"}
{"level":"info","message":"Server is running on port:  5000","service":"authService","timestamp":"2025-03-06T19:40:37.263Z"}
{"level":"info","message":"Connected to Redis","service":"authService","timestamp":"2025-03-06T19:40:37.546Z"}
{"level":"info","message":"Connected to mongoDb","service":"authService","timestamp":"2025-03-06T19:40:37.813Z"}
{"level":"info","message":"Server is running on port:  5000","service":"authService","timestamp":"2025-03-07T11:27:11.049Z"}
{"level":"info","message":"Connected to Redis","service":"authService","timestamp":"2025-03-07T11:27:11.070Z"}
{"level":"info","message":"Connected to mongoDb","service":"authService","timestamp":"2025-03-07T11:27:11.096Z"}
{"level":"info","message":"Server is running on port:  5000","service":"authService","timestamp":"2025-03-07T11:28:17.755Z"}
{"level":"info","message":"Connected to Redis","service":"authService","timestamp":"2025-03-07T11:28:17.782Z"}
{"level":"info","message":"Connected to mongoDb","service":"authService","timestamp":"2025-03-07T11:28:17.818Z"}
{"level":"info","message":"Server is running on port:  5000","service":"authService","timestamp":"2025-03-07T12:36:06.119Z"}
{"level":"info","message":"Connected to Redis","service":"authService","timestamp":"2025-03-07T12:36:06.149Z"}
{"level":"info","message":"Connected to mongoDb","service":"authService","timestamp":"2025-03-07T12:36:06.192Z"}
{"level":"info","message":"Server is running on port:  5000","service":"authService","timestamp":"2025-03-07T12:37:52.716Z"}
{"level":"info","message":"Connected to Redis","service":"authService","timestamp":"2025-03-07T12:37:52.765Z"}
{"level":"info","message":"Connected to mongoDb","service":"authService","timestamp":"2025-03-07T12:37:52.830Z"}
{"level":"info","message":"Server is running on port:  5000","service":"authService","timestamp":"2025-03-07T12:59:13.732Z"}
{"level":"info","message":"Connected to Redis","service":"authService","timestamp":"2025-03-07T12:59:13.757Z"}
{"level":"info","message":"Connected to mongoDb","service":"authService","timestamp":"2025-03-07T12:59:13.809Z"}
{"level":"info","message":"Server is running on port:  5000","service":"authService","timestamp":"2025-03-08T00:04:43.825Z"}
{"level":"info","message":"Connected to Redis","service":"authService","timestamp":"2025-03-08T00:04:43.857Z"}
{"level":"info","message":"Connected to mongoDb","service":"authService","timestamp":"2025-03-08T00:04:43.904Z"}
{"level":"info","message":"Recieved POST request to /api/user/order/create_order ","service":"authService","timestamp":"2025-03-08T00:04:47.069Z"}
{"level":"info","message":"Request body, [object Object]  ","service":"authService","timestamp":"2025-03-08T00:04:47.070Z"}
{"level":"info","message":"Server is running on port:  5000","service":"authService","timestamp":"2025-03-08T00:06:32.064Z"}
{"level":"info","message":"Connected to Redis","service":"authService","timestamp":"2025-03-08T00:06:32.084Z"}
{"level":"info","message":"Connected to mongoDb","service":"authService","timestamp":"2025-03-08T00:06:32.118Z"}
{"level":"info","message":"Recieved POST request to /api/user/order/create_order ","service":"authService","timestamp":"2025-03-08T00:06:33.461Z"}
{"level":"info","message":"Request body, [object Object]  ","service":"authService","timestamp":"2025-03-08T00:06:33.464Z"}
{"level":"info","message":"Server is running on port:  5000","service":"authService","timestamp":"2025-03-08T00:07:29.442Z"}
{"level":"info","message":"Connected to Redis","service":"authService","timestamp":"2025-03-08T00:07:29.461Z"}
{"level":"info","message":"Connected to mongoDb","service":"authService","timestamp":"2025-03-08T00:07:29.485Z"}
{"level":"info","message":"Recieved POST request to /api/user/order/create_order ","service":"authService","timestamp":"2025-03-08T00:07:42.372Z"}
{"level":"info","message":"Request body, [object Object]  ","service":"authService","timestamp":"2025-03-08T00:07:42.374Z"}
{"level":"info","message":"Recieved POST request to /api/order/create_order ","service":"authService","timestamp":"2025-03-08T00:08:55.776Z"}
{"level":"info","message":"Request body, [object Object]  ","service":"authService","timestamp":"2025-03-08T00:08:55.781Z"}
{"level":"info","message":"Recieved POST request to /api/order/create_order ","service":"authService","timestamp":"2025-03-08T00:10:57.033Z"}
{"level":"info","message":"Request body, [object Object]  ","service":"authService","timestamp":"2025-03-08T00:10:57.034Z"}
{"level":"info","message":"Recieved POST request to /api/order/create_order ","service":"authService","timestamp":"2025-03-08T00:11:40.395Z"}
{"level":"info","message":"Request body, [object Object]  ","service":"authService","timestamp":"2025-03-08T00:11:40.397Z"}
{"level":"info","message":"Server is running on port:  5000","service":"authService","timestamp":"2025-03-08T00:13:32.596Z"}
{"level":"info","message":"Connected to Redis","service":"authService","timestamp":"2025-03-08T00:13:32.613Z"}
{"level":"info","message":"Connected to mongoDb","service":"authService","timestamp":"2025-03-08T00:13:32.649Z"}
{"level":"info","message":"Recieved POST request to /api/order/create_order ","service":"authService","timestamp":"2025-03-08T00:13:34.251Z"}
{"level":"info","message":"Request body, [object Object]  ","service":"authService","timestamp":"2025-03-08T00:13:34.254Z"}
{"level":"info","message":"Recieved POST request to /api/order/create_order ","service":"authService","timestamp":"2025-03-08T00:14:10.476Z"}
{"level":"info","message":"Request body, [object Object]  ","service":"authService","timestamp":"2025-03-08T00:14:10.478Z"}
{"level":"info","message":"Server is running on port:  5000","service":"authService","timestamp":"2025-03-08T00:15:07.154Z"}
{"level":"info","message":"Connected to Redis","service":"authService","timestamp":"2025-03-08T00:15:07.175Z"}
{"level":"info","message":"Connected to mongoDb","service":"authService","timestamp":"2025-03-08T00:15:07.201Z"}
{"level":"info","message":"Recieved POST request to /api/order/create_order ","service":"authService","timestamp":"2025-03-08T00:15:24.326Z"}
{"level":"info","message":"Request body, [object Object]  ","service":"authService","timestamp":"2025-03-08T00:15:24.327Z"}
{"level":"info","message":"Recieved POST request to /api/order/create_order ","service":"authService","timestamp":"2025-03-08T00:18:12.902Z"}
{"level":"info","message":"Request body, [object Object]  ","service":"authService","timestamp":"2025-03-08T00:18:12.903Z"}
{"level":"info","message":"Recieved POST request to /api/order/create_order ","service":"authService","timestamp":"2025-03-08T00:18:35.099Z"}
{"level":"info","message":"Request body, [object Object]  ","service":"authService","timestamp":"2025-03-08T00:18:35.100Z"}
{"level":"info","message":"Recieved POST request to /api/order/create_order ","service":"authService","timestamp":"2025-03-08T00:18:48.125Z"}
{"level":"info","message":"Request body, [object Object]  ","service":"authService","timestamp":"2025-03-08T00:18:48.131Z"}
{"level":"info","message":"Server is running on port:  5000","service":"authService","timestamp":"2025-03-08T16:48:56.034Z"}
{"level":"info","message":"Connected to Redis","service":"authService","timestamp":"2025-03-08T16:48:56.057Z"}
{"level":"info","message":"Connected to mongoDb","service":"authService","timestamp":"2025-03-08T16:48:56.087Z"}
{"level":"info","message":"Server is running on port:  5000","service":"authService","timestamp":"2025-03-08T16:49:29.947Z"}
{"level":"info","message":"Connected to Redis","service":"authService","timestamp":"2025-03-08T16:49:29.977Z"}
{"level":"info","message":"Connected to mongoDb","service":"authService","timestamp":"2025-03-08T16:49:30.003Z"}
{"level":"info","message":"Server is running on port:  5000","service":"authService","timestamp":"2025-03-08T16:52:46.032Z"}
{"level":"info","message":"Connected to Redis","service":"authService","timestamp":"2025-03-08T16:52:46.056Z"}
{"level":"info","message":"Connected to mongoDb","service":"authService","timestamp":"2025-03-08T16:52:46.078Z"}
{"level":"info","message":"Server is running on port:  5000","service":"authService","timestamp":"2025-03-08T16:59:17.240Z"}
{"level":"info","message":"Connected to Redis","service":"authService","timestamp":"2025-03-08T16:59:17.264Z"}
{"level":"info","message":"Connected to mongoDb","service":"authService","timestamp":"2025-03-08T16:59:17.291Z"}
{"level":"info","message":"Server is running on port:  5000","service":"authService","timestamp":"2025-03-08T16:59:45.981Z"}
{"level":"info","message":"Connected to Redis","service":"authService","timestamp":"2025-03-08T16:59:46.019Z"}
{"level":"info","message":"Connected to mongoDb","service":"authService","timestamp":"2025-03-08T16:59:46.055Z"}
{"level":"info","message":"Server is running on port:  5000","service":"authService","timestamp":"2025-03-08T17:01:17.432Z"}
{"level":"info","message":"Connected to Redis","service":"authService","timestamp":"2025-03-08T17:01:17.457Z"}
{"level":"info","message":"Connected to mongoDb","service":"authService","timestamp":"2025-03-08T17:01:17.492Z"}
{"level":"info","message":"Server is running on port:  5000","service":"authService","timestamp":"2025-03-08T17:03:28.557Z"}
{"level":"info","message":"Connected to Redis","service":"authService","timestamp":"2025-03-08T17:03:28.584Z"}
{"level":"info","message":"Connected to mongoDb","service":"authService","timestamp":"2025-03-08T17:03:28.611Z"}
{"level":"info","message":"Server is running on port:  5000","service":"authService","timestamp":"2025-03-08T17:07:00.667Z"}
{"level":"info","message":"Connected to Redis","service":"authService","timestamp":"2025-03-08T17:07:00.690Z"}
{"level":"info","message":"Connected to mongoDb","service":"authService","timestamp":"2025-03-08T17:07:00.719Z"}
{"level":"info","message":"Server is running on port:  5000","service":"authService","timestamp":"2025-03-08T17:12:00.378Z"}
{"level":"info","message":"Connected to Redis","service":"authService","timestamp":"2025-03-08T17:12:00.400Z"}
{"level":"info","message":"Connected to mongoDb","service":"authService","timestamp":"2025-03-08T17:12:00.469Z"}
{"level":"info","message":"Server is running on port:  5000","service":"authService","timestamp":"2025-03-08T17:15:13.603Z"}
{"level":"info","message":"Connected to Redis","service":"authService","timestamp":"2025-03-08T17:15:13.625Z"}
{"level":"info","message":"Connected to mongoDb","service":"authService","timestamp":"2025-03-08T17:15:13.652Z"}
{"level":"info","message":"Recieved POST request to /api/order/initialize-payment ","service":"authService","timestamp":"2025-03-08T19:27:39.091Z"}
{"level":"info","message":"Request body, [object Object]  ","service":"authService","timestamp":"2025-03-08T19:27:39.092Z"}
{"level":"info","message":"Server is running on port:  5000","service":"authService","timestamp":"2025-03-08T19:29:07.129Z"}
{"level":"info","message":"Connected to Redis","service":"authService","timestamp":"2025-03-08T19:29:07.161Z"}
{"level":"info","message":"Connected to mongoDb","service":"authService","timestamp":"2025-03-08T19:29:07.187Z"}
{"level":"info","message":"Recieved POST request to /api/order/initialize-payment ","service":"authService","timestamp":"2025-03-08T19:29:12.477Z"}
{"level":"info","message":"Request body, [object Object]  ","service":"authService","timestamp":"2025-03-08T19:29:12.478Z"}
{"0":"g","1":"e","10":"o","11":" ","12":"E","13":"N","14":"O","15":"T","16":"F","17":"O","18":"U","19":"N","2":"t","20":"D","21":" ","22":"a","23":"p","24":"i","25":".","26":"p","27":"a","28":"y","29":"s","3":"a","30":"t","31":"a","32":"c","33":"k","34":".","35":"c","36":"o","4":"d","5":"d","6":"r","7":"i","8":"n","9":"f","level":"error","message":"Paystack Error:","service":"authService","timestamp":"2025-03-08T19:29:12.646Z"}
{"level":"info","message":"Server is running on port:  5000","service":"authService","timestamp":"2025-03-08T19:30:53.719Z"}
{"level":"info","message":"Connected to Redis","service":"authService","timestamp":"2025-03-08T19:30:53.743Z"}
{"level":"info","message":"Connected to mongoDb","service":"authService","timestamp":"2025-03-08T19:30:53.771Z"}
{"level":"info","message":"Recieved POST request to /api/order/initialize-payment ","service":"authService","timestamp":"2025-03-08T19:31:01.536Z"}
{"level":"info","message":"Request body, [object Object]  ","service":"authService","timestamp":"2025-03-08T19:31:01.537Z"}
{"0":"g","1":"e","10":"o","11":" ","12":"E","13":"N","14":"O","15":"T","16":"F","17":"O","18":"U","19":"N","2":"t","20":"D","21":" ","22":"a","23":"p","24":"i","25":".","26":"p","27":"a","28":"y","29":"s","3":"a","30":"t","31":"a","32":"c","33":"k","34":".","35":"c","36":"o","4":"d","5":"d","6":"r","7":"i","8":"n","9":"f","level":"error","message":"Paystack Error:","service":"authService","timestamp":"2025-03-08T19:31:01.694Z"}
{"level":"info","message":"Server is running on port:  5000","service":"authService","timestamp":"2025-03-08T19:32:04.258Z"}
{"level":"info","message":"Connected to Redis","service":"authService","timestamp":"2025-03-08T19:32:04.278Z"}
{"level":"info","message":"Connected to mongoDb","service":"authService","timestamp":"2025-03-08T19:32:04.310Z"}
{"level":"info","message":"Recieved POST request to /api/order/initialize-payment ","service":"authService","timestamp":"2025-03-08T19:32:10.292Z"}
{"level":"info","message":"Request body, [object Object]  ","service":"authService","timestamp":"2025-03-08T19:32:10.293Z"}
{"level":"info","message":"Recieved GET request to /api/order/verify-payment/escflrdkwt ","service":"authService","timestamp":"2025-03-08T20:16:00.916Z"}
{"level":"info","message":"Request body, [object Object]  ","service":"authService","timestamp":"2025-03-08T20:16:00.923Z"}
{"level":"info","message":"Recieved POST request to /api/order/initialize-payment ","service":"authService","timestamp":"2025-03-08T20:16:33.442Z"}
{"level":"info","message":"Request body, [object Object]  ","service":"authService","timestamp":"2025-03-08T20:16:33.444Z"}
{"level":"info","message":"Recieved GET request to /api/order/verify-payment/6u0tud0p64 ","service":"authService","timestamp":"2025-03-08T20:17:02.180Z"}
{"level":"info","message":"Request body, [object Object]  ","service":"authService","timestamp":"2025-03-08T20:17:02.184Z"}
{"level":"info","message":"Server is running on port:  5000","service":"authService","timestamp":"2025-03-08T21:20:19.228Z"}
{"level":"info","message":"Connected to Redis","service":"authService","timestamp":"2025-03-08T21:20:19.248Z"}
{"level":"info","message":"Connected to mongoDb","service":"authService","timestamp":"2025-03-08T21:20:19.283Z"}
{"level":"info","message":"Server is running on port:  5000","service":"authService","timestamp":"2025-03-08T21:53:05.907Z"}
{"level":"info","message":"Connected to Redis","service":"authService","timestamp":"2025-03-08T21:53:05.928Z"}
{"level":"info","message":"Connected to mongoDb","service":"authService","timestamp":"2025-03-08T21:53:05.964Z"}
{"level":"info","message":"Recieved POST request to /api/order/initialize-payment ","service":"authService","timestamp":"2025-03-08T21:53:29.474Z"}
{"level":"info","message":"Request body, [object Object]  ","service":"authService","timestamp":"2025-03-08T21:53:29.475Z"}
{"0":"g","1":"e","10":"o","11":" ","12":"E","13":"N","14":"O","15":"T","16":"F","17":"O","18":"U","19":"N","2":"t","20":"D","21":" ","22":"a","23":"p","24":"i","25":".","26":"p","27":"a","28":"y","29":"s","3":"a","30":"t","31":"a","32":"c","33":"k","34":".","35":"c","36":"o","4":"d","5":"d","6":"r","7":"i","8":"n","9":"f","level":"error","message":"Paystack Error:","service":"authService","timestamp":"2025-03-08T21:53:29.731Z"}
{"level":"info","message":"Recieved POST request to /api/order/initialize-payment ","service":"authService","timestamp":"2025-03-08T21:53:36.377Z"}
{"level":"info","message":"Request body, [object Object]  ","service":"authService","timestamp":"2025-03-08T21:53:36.378Z"}
{"0":"g","1":"e","10":"o","11":" ","12":"E","13":"N","14":"O","15":"T","16":"F","17":"O","18":"U","19":"N","2":"t","20":"D","21":" ","22":"a","23":"p","24":"i","25":".","26":"p","27":"a","28":"y","29":"s","3":"a","30":"t","31":"a","32":"c","33":"k","34":".","35":"c","36":"o","4":"d","5":"d","6":"r","7":"i","8":"n","9":"f","level":"error","message":"Paystack Error:","service":"authService","timestamp":"2025-03-08T21:53:36.398Z"}
{"level":"info","message":"Recieved POST request to /api/order/initialize-payment ","service":"authService","timestamp":"2025-03-08T21:53:37.898Z"}
{"level":"info","message":"Request body, [object Object]  ","service":"authService","timestamp":"2025-03-08T21:53:37.910Z"}
{"0":"g","1":"e","10":"o","11":" ","12":"E","13":"N","14":"O","15":"T","16":"F","17":"O","18":"U","19":"N","2":"t","20":"D","21":" ","22":"a","23":"p","24":"i","25":".","26":"p","27":"a","28":"y","29":"s","3":"a","30":"t","31":"a","32":"c","33":"k","34":".","35":"c","36":"o","4":"d","5":"d","6":"r","7":"i","8":"n","9":"f","level":"error","message":"Paystack Error:","service":"authService","timestamp":"2025-03-08T21:53:37.933Z"}
{"level":"info","message":"Recieved POST request to /api/order/initialize-payment ","service":"authService","timestamp":"2025-03-08T21:53:39.240Z"}
{"level":"info","message":"Request body, [object Object]  ","service":"authService","timestamp":"2025-03-08T21:53:39.242Z"}
{"0":"g","1":"e","10":"o","11":" ","12":"E","13":"N","14":"O","15":"T","16":"F","17":"O","18":"U","19":"N","2":"t","20":"D","21":" ","22":"a","23":"p","24":"i","25":".","26":"p","27":"a","28":"y","29":"s","3":"a","30":"t","31":"a","32":"c","33":"k","34":".","35":"c","36":"o","4":"d","5":"d","6":"r","7":"i","8":"n","9":"f","level":"error","message":"Paystack Error:","service":"authService","timestamp":"2025-03-08T21:53:39.252Z"}
{"level":"info","message":"Recieved POST request to /api/order/initialize-payment ","service":"authService","timestamp":"2025-03-08T21:53:59.136Z"}
{"level":"info","message":"Request body, [object Object]  ","service":"authService","timestamp":"2025-03-08T21:53:59.137Z"}
{"0":"g","1":"e","10":"o","11":" ","12":"E","13":"N","14":"O","15":"T","16":"F","17":"O","18":"U","19":"N","2":"t","20":"D","21":" ","22":"a","23":"p","24":"i","25":".","26":"p","27":"a","28":"y","29":"s","3":"a","30":"t","31":"a","32":"c","33":"k","34":".","35":"c","36":"o","4":"d","5":"d","6":"r","7":"i","8":"n","9":"f","level":"error","message":"Paystack Error:","service":"authService","timestamp":"2025-03-08T21:53:59.148Z"}
{"level":"info","message":"Recieved POST request to /api/order/initialize-payment ","service":"authService","timestamp":"2025-03-08T21:54:39.922Z"}
{"level":"info","message":"Request body, [object Object]  ","service":"authService","timestamp":"2025-03-08T21:54:39.924Z"}
{"level":"info","message":"Recieved GET request to /api/order/verify-payment/0e164umx3m ","service":"authService","timestamp":"2025-03-08T21:55:31.432Z"}
{"level":"info","message":"Request body, [object Object]  ","service":"authService","timestamp":"2025-03-08T21:55:31.433Z"}
{"level":"info","message":"Recieved GET request to /api/order/verify-payment/0e164umx3m ","service":"authService","timestamp":"2025-03-08T22:22:11.159Z"}
{"level":"info","message":"Request body, [object Object]  ","service":"authService","timestamp":"2025-03-08T22:22:11.161Z"}
{"level":"info","message":"Server is running on port:  5000","service":"authService","timestamp":"2025-03-09T01:16:03.321Z"}
{"level":"info","message":"Connected to Redis","service":"authService","timestamp":"2025-03-09T01:16:03.390Z"}
{"level":"info","message":"Connected to mongoDb","service":"authService","timestamp":"2025-03-09T01:16:03.490Z"}
{"level":"info","message":"Recieved POST request to /api/order/create_order ","service":"authService","timestamp":"2025-03-09T01:16:06.005Z"}
{"level":"info","message":"Request body, [object Object]  ","service":"authService","timestamp":"2025-03-09T01:16:06.007Z"}
{"level":"info","message":"Server is running on port:  5000","service":"authService","timestamp":"2025-03-09T01:31:34.755Z"}
{"level":"info","message":"Connected to Redis","service":"authService","timestamp":"2025-03-09T01:31:34.775Z"}
{"level":"info","message":"Connected to mongoDb","service":"authService","timestamp":"2025-03-09T01:31:34.812Z"}
{"level":"info","message":"Recieved POST request to /api/order/create_order ","service":"authService","timestamp":"2025-03-09T01:31:49.599Z"}
{"level":"info","message":"Request body, [object Object]  ","service":"authService","timestamp":"2025-03-09T01:31:49.600Z"}
{"level":"info","message":"Server is running on port:  5000","service":"authService","timestamp":"2025-03-09T01:36:13.709Z"}
{"level":"info","message":"Connected to Redis","service":"authService","timestamp":"2025-03-09T01:36:13.732Z"}
{"level":"info","message":"Connected to mongoDb","service":"authService","timestamp":"2025-03-09T01:36:13.763Z"}
{"level":"info","message":"Server is running on port:  5000","service":"authService","timestamp":"2025-03-09T01:43:57.150Z"}
{"level":"info","message":"Connected to Redis","service":"authService","timestamp":"2025-03-09T01:43:57.216Z"}
{"level":"info","message":"Connected to mongoDb","service":"authService","timestamp":"2025-03-09T01:43:57.273Z"}
{"level":"info","message":"Recieved POST request to /api/order/create_order ","service":"authService","timestamp":"2025-03-09T01:44:24.881Z"}
{"level":"info","message":"Request body, [object Object]  ","service":"authService","timestamp":"2025-03-09T01:44:24.882Z"}
{"level":"info","message":"Server is running on port:  5000","service":"authService","timestamp":"2025-03-09T01:47:34.212Z"}
{"level":"info","message":"Connected to Redis","service":"authService","timestamp":"2025-03-09T01:47:34.229Z"}
{"level":"info","message":"Connected to mongoDb","service":"authService","timestamp":"2025-03-09T01:47:34.256Z"}
{"level":"info","message":"Server is running on port:  5000","service":"authService","timestamp":"2025-03-10T20:37:32.318Z"}
{"level":"info","message":"Connected to Redis","service":"authService","timestamp":"2025-03-10T20:37:32.351Z"}
{"level":"info","message":"Connected to mongoDb","service":"authService","timestamp":"2025-03-10T20:37:32.398Z"}
{"level":"info","message":"Recieved POST request to /api/order/create_order ","service":"authService","timestamp":"2025-03-10T20:38:23.017Z"}
{"level":"info","message":"Request body, [object Object]  ","service":"authService","timestamp":"2025-03-10T20:38:23.019Z"}
{"level":"info","message":"Recieved POST request to /api/order/create_order ","service":"authService","timestamp":"2025-03-11T09:09:36.691Z"}
{"level":"info","message":"Request body, [object Object]  ","service":"authService","timestamp":"2025-03-11T09:09:36.693Z"}
{"level":"info","message":"Server is running on port:  5000","service":"authService","timestamp":"2025-03-11T13:51:35.136Z"}
{"level":"info","message":"Connected to Redis","service":"authService","timestamp":"2025-03-11T13:51:35.167Z"}
{"level":"info","message":"Connected to mongoDb","service":"authService","timestamp":"2025-03-11T13:51:35.209Z"}
{"level":"info","message":"Server is running on port:  5000","service":"authService","timestamp":"2025-03-11T22:15:44.733Z"}
{"level":"info","message":"Connected to Redis","service":"authService","timestamp":"2025-03-11T22:15:44.757Z"}
{"level":"info","message":"Connected to mongoDb","service":"authService","timestamp":"2025-03-11T22:15:49.377Z"}
{"level":"info","message":"Server is running on port:  5000","service":"authService","timestamp":"2025-03-11T22:18:46.842Z"}
{"level":"info","message":"Connected to Redis","service":"authService","timestamp":"2025-03-11T22:18:46.898Z"}
{"level":"info","message":"Connected to mongoDb","service":"authService","timestamp":"2025-03-11T22:18:49.152Z"}
{"level":"info","message":"Server is running on port:  5000","service":"authService","timestamp":"2025-03-11T22:26:46.198Z"}
{"level":"info","message":"Connected to Redis","service":"authService","timestamp":"2025-03-11T22:26:46.222Z"}
{"level":"info","message":"Connected to mongoDb","service":"authService","timestamp":"2025-03-11T22:26:50.848Z"}
{"level":"info","message":"Server is running on port:  5000","service":"authService","timestamp":"2025-03-11T22:27:27.456Z"}
{"level":"info","message":"Connected to Redis","service":"authService","timestamp":"2025-03-11T22:27:27.478Z"}
{"errorLabelSet":{},"level":"error","message":"Could not connect to any servers in your MongoDB Atlas cluster. One common reason is that you're trying to access the database from an IP that isn't whitelisted. Make sure your current IP address is on your Atlas cluster's IP whitelist: https://www.mongodb.com/docs/atlas/security-whitelist/","reason":{"commonWireVersion":0,"compatible":true,"heartbeatFrequencyMS":10000,"localThresholdMS":15,"logicalSessionTimeoutMinutes":null,"maxElectionId":null,"maxSetVersion":null,"servers":{"ac-vsmdgmi-shard-00-00.y8t8dyn.mongodb.net:27017":{"$clusterTime":null,"address":"ac-vsmdgmi-shard-00-00.y8t8dyn.mongodb.net:27017","arbiters":[],"electionId":null,"error":null,"hosts":[],"iscryptd":false,"lastUpdateTime":124015214,"lastWriteDate":0,"logicalSessionTimeoutMinutes":null,"maxBsonObjectSize":null,"maxMessageSizeBytes":null,"maxWireVersion":0,"maxWriteBatchSize":null,"me":null,"minRoundTripTime":0,"minWireVersion":0,"passives":[],"primary":null,"roundTripTime":-1,"setName":null,"setVersion":null,"tags":{},"topologyVersion":null,"type":"Unknown"},"ac-vsmdgmi-shard-00-01.y8t8dyn.mongodb.net:27017":{"$clusterTime":null,"address":"ac-vsmdgmi-shard-00-01.y8t8dyn.mongodb.net:27017","arbiters":[],"electionId":null,"error":null,"hosts":[],"iscryptd":false,"lastUpdateTime":124015214,"lastWriteDate":0,"logicalSessionTimeoutMinutes":null,"maxBsonObjectSize":null,"maxMessageSizeBytes":null,"maxWireVersion":0,"maxWriteBatchSize":null,"me":null,"minRoundTripTime":0,"minWireVersion":0,"passives":[],"primary":null,"roundTripTime":-1,"setName":null,"setVersion":null,"tags":{},"topologyVersion":null,"type":"Unknown"},"ac-vsmdgmi-shard-00-02.y8t8dyn.mongodb.net:27017":{"$clusterTime":null,"address":"ac-vsmdgmi-shard-00-02.y8t8dyn.mongodb.net:27017","arbiters":[],"electionId":null,"error":null,"hosts":[],"iscryptd":false,"lastUpdateTime":124015214,"lastWriteDate":0,"logicalSessionTimeoutMinutes":null,"maxBsonObjectSize":null,"maxMessageSizeBytes":null,"maxWireVersion":0,"maxWriteBatchSize":null,"me":null,"minRoundTripTime":0,"minWireVersion":0,"passives":[],"primary":null,"roundTripTime":-1,"setName":null,"setVersion":null,"tags":{},"topologyVersion":null,"type":"Unknown"}},"setName":"atlas-xoftsk-shard-0","stale":false,"type":"ReplicaSetNoPrimary"},"service":"authService","stack":"MongooseServerSelectionError: Could not connect to any servers in your MongoDB Atlas cluster. One common reason is that you're trying to access the database from an IP that isn't whitelisted. Make sure your current IP address is on your Atlas cluster's IP whitelist: https://www.mongodb.com/docs/atlas/security-whitelist/\n    at _handleConnectionErrors (C:\\Users\\HP\\Documents\\fullStackTypescriptProject\\Ecommerce\\Backend\\node_modules\\mongoose\\lib\\connection.js:1165:11)\n    at NativeConnection.openUri (C:\\Users\\HP\\Documents\\fullStackTypescriptProject\\Ecommerce\\Backend\\node_modules\\mongoose\\lib\\connection.js:1096:11)","timestamp":"2025-03-11T22:28:11.661Z"}
{"level":"info","message":"Server is running on port:  5000","service":"authService","timestamp":"2025-03-11T22:30:45.788Z"}
{"level":"info","message":"Connected to Redis","service":"authService","timestamp":"2025-03-11T22:30:46.027Z"}
{"level":"info","message":"Connected to mongoDb","service":"authService","timestamp":"2025-03-11T22:30:50.758Z"}
{"level":"info","message":"Server is running on port:  5000","service":"authService","timestamp":"2025-03-11T22:45:51.960Z"}
{"level":"info","message":"Connected to Redis","service":"authService","timestamp":"2025-03-11T22:45:52.069Z"}
{"level":"info","message":"Connected to mongoDb","service":"authService","timestamp":"2025-03-11T22:45:54.294Z"}
{"level":"info","message":"Server is running on port:  5000","service":"authService","timestamp":"2025-03-11T22:48:03.065Z"}
{"level":"info","message":"Connected to Redis","service":"authService","timestamp":"2025-03-11T22:48:03.109Z"}
{"level":"info","message":"Connected to mongoDb","service":"authService","timestamp":"2025-03-11T22:48:05.409Z"}
{"level":"info","message":"Server is running on port:  5000","service":"authService","timestamp":"2025-03-11T23:12:17.312Z"}
{"level":"info","message":"Connected to Redis","service":"authService","timestamp":"2025-03-11T23:12:17.385Z"}
{"level":"info","message":"Connected to mongoDb","service":"authService","timestamp":"2025-03-11T23:12:19.929Z"}
{"level":"info","message":"Server is running on port:  5000","service":"authService","timestamp":"2025-03-11T23:20:37.610Z"}
{"code":"ERR_SOCKET_BAD_PORT","level":"error","message":"Redis Error: Port should be >= 0 and < 65536. Received type number (NaN).","service":"authService","stack":"RangeError: Port should be >= 0 and < 65536. Received type number (NaN).\n    at lookupAndConnect (node:net:1301:5)\n    at Socket.connect (node:net:1258:5)\n    at connect (node:net:242:17)\n    at C:\\Users\\HP\\Documents\\fullStackTypescriptProject\\Ecommerce\\Backend\\node_modules\\ioredis\\built\\connectors\\StandaloneConnector.js:54:66\n    at processTicksAndRejections (node:internal/process/task_queues:85:11)","timestamp":"2025-03-11T23:20:37.653Z"}
{"level":"info","message":"Connected to mongoDb","service":"authService","timestamp":"2025-03-11T23:20:41.795Z"}
{"level":"info","message":"Server is running on port:  5000","service":"authService","timestamp":"2025-03-11T23:22:23.727Z"}
{"code":"ERR_SOCKET_BAD_PORT","level":"error","message":"Redis Error: Port should be >= 0 and < 65536. Received type number (NaN).","service":"authService","stack":"RangeError: Port should be >= 0 and < 65536. Received type number (NaN).\n    at lookupAndConnect (node:net:1301:5)\n    at Socket.connect (node:net:1258:5)\n    at connect (node:net:242:17)\n    at C:\\Users\\HP\\Documents\\fullStackTypescriptProject\\Ecommerce\\Backend\\node_modules\\ioredis\\built\\connectors\\StandaloneConnector.js:54:66\n    at processTicksAndRejections (node:internal/process/task_queues:85:11)","timestamp":"2025-03-11T23:22:23.762Z"}
{"level":"info","message":"Connected to mongoDb","service":"authService","timestamp":"2025-03-11T23:22:28.310Z"}
{"level":"info","message":"Server is running on port:  5000","service":"authService","timestamp":"2025-03-12T01:31:51.992Z"}
{"code":"ERR_SOCKET_BAD_PORT","level":"error","message":"Redis Error: Port should be >= 0 and < 65536. Received type number (NaN).","service":"authService","stack":"RangeError: Port should be >= 0 and < 65536. Received type number (NaN).\n    at lookupAndConnect (node:net:1301:5)\n    at Socket.connect (node:net:1258:5)\n    at connect (node:net:242:17)\n    at C:\\Users\\HP\\Documents\\fullStackTypescriptProject\\Ecommerce\\Backend\\node_modules\\ioredis\\built\\connectors\\StandaloneConnector.js:54:66\n    at processTicksAndRejections (node:internal/process/task_queues:85:11)","timestamp":"2025-03-12T01:31:52.007Z"}
{"level":"info","message":"Connected to mongoDb","service":"authService","timestamp":"2025-03-12T01:31:56.078Z"}
{"level":"info","message":"Server is running on port:  5000","service":"authService","timestamp":"2025-03-12T01:32:43.096Z"}
{"level":"info","message":"Connected to Redis","service":"authService","timestamp":"2025-03-12T01:32:43.125Z"}
{"level":"info","message":"Connected to mongoDb","service":"authService","timestamp":"2025-03-12T01:32:45.977Z"}
{"level":"info","message":"Server is running on port:  5000","service":"authService","timestamp":"2025-03-12T01:34:12.240Z"}
{"level":"info","message":"Connected to Redis","service":"authService","timestamp":"2025-03-12T01:34:12.260Z"}
{"level":"info","message":"Connected to mongoDb","service":"authService","timestamp":"2025-03-12T01:34:14.546Z"}
{"level":"info","message":"Server is running on port:  5000","service":"authService","timestamp":"2025-03-12T01:34:53.677Z"}
{"code":"ERR_SOCKET_BAD_PORT","level":"error","message":"Redis Error: Port should be >= 0 and < 65536. Received type number (NaN).","service":"authService","stack":"RangeError: Port should be >= 0 and < 65536. Received type number (NaN).\n    at lookupAndConnect (node:net:1301:5)\n    at Socket.connect (node:net:1258:5)\n    at connect (node:net:242:17)\n    at C:\\Users\\HP\\Documents\\fullStackTypescriptProject\\Ecommerce\\Backend\\node_modules\\ioredis\\built\\connectors\\StandaloneConnector.js:54:66\n    at processTicksAndRejections (node:internal/process/task_queues:85:11)","timestamp":"2025-03-12T01:34:53.694Z"}
{"level":"info","message":"Connected to mongoDb","service":"authService","timestamp":"2025-03-12T01:34:56.575Z"}
{"level":"info","message":"Server is running on port:  5000","service":"authService","timestamp":"2025-03-12T01:38:37.880Z"}
{"code":"EAI_FAIL","errno":-3004,"hostname":"redis://default:hwWyuccGijcpixZBHCUdKwwroSoFLalD@redis.railway.internal:6379","level":"error","message":"Redis Error: getaddrinfo EAI_FAIL redis://default:hwWyuccGijcpixZBHCUdKwwroSoFLalD@redis.railway.internal:6379","service":"authService","stack":"Error: getaddrinfo EAI_FAIL redis://default:hwWyuccGijcpixZBHCUdKwwroSoFLalD@redis.railway.internal:6379\n    at GetAddrInfoReqWrap.onlookup [as oncomplete] (node:dns:109:26)","syscall":"getaddrinfo","timestamp":"2025-03-12T01:38:37.895Z"}
{"code":"EAI_FAIL","errno":-3004,"hostname":"redis://default:hwWyuccGijcpixZBHCUdKwwroSoFLalD@redis.railway.internal:6379","level":"error","message":"Redis Error: getaddrinfo EAI_FAIL redis://default:hwWyuccGijcpixZBHCUdKwwroSoFLalD@redis.railway.internal:6379","service":"authService","stack":"Error: getaddrinfo EAI_FAIL redis://default:hwWyuccGijcpixZBHCUdKwwroSoFLalD@redis.railway.internal:6379\n    at GetAddrInfoReqWrap.onlookup [as oncomplete] (node:dns:109:26)","syscall":"getaddrinfo","timestamp":"2025-03-12T01:38:37.960Z"}
{"code":"EAI_FAIL","errno":-3004,"hostname":"redis://default:hwWyuccGijcpixZBHCUdKwwroSoFLalD@redis.railway.internal:6379","level":"error","message":"Redis Error: getaddrinfo EAI_FAIL redis://default:hwWyuccGijcpixZBHCUdKwwroSoFLalD@redis.railway.internal:6379","service":"authService","stack":"Error: getaddrinfo EAI_FAIL redis://default:hwWyuccGijcpixZBHCUdKwwroSoFLalD@redis.railway.internal:6379\n    at GetAddrInfoReqWrap.onlookup [as oncomplete] (node:dns:109:26)","syscall":"getaddrinfo","timestamp":"2025-03-12T01:38:38.067Z"}
{"code":"EAI_FAIL","errno":-3004,"hostname":"redis://default:hwWyuccGijcpixZBHCUdKwwroSoFLalD@redis.railway.internal:6379","level":"error","message":"Redis Error: getaddrinfo EAI_FAIL redis://default:hwWyuccGijcpixZBHCUdKwwroSoFLalD@redis.railway.internal:6379","service":"authService","stack":"Error: getaddrinfo EAI_FAIL redis://default:hwWyuccGijcpixZBHCUdKwwroSoFLalD@redis.railway.internal:6379\n    at GetAddrInfoReqWrap.onlookup [as oncomplete] (node:dns:109:26)","syscall":"getaddrinfo","timestamp":"2025-03-12T01:38:38.450Z"}
{"code":"EAI_FAIL","errno":-3004,"hostname":"redis://default:hwWyuccGijcpixZBHCUdKwwroSoFLalD@redis.railway.internal:6379","level":"error","message":"Redis Error: getaddrinfo EAI_FAIL redis://default:hwWyuccGijcpixZBHCUdKwwroSoFLalD@redis.railway.internal:6379","service":"authService","stack":"Error: getaddrinfo EAI_FAIL redis://default:hwWyuccGijcpixZBHCUdKwwroSoFLalD@redis.railway.internal:6379\n    at GetAddrInfoReqWrap.onlookup [as oncomplete] (node:dns:109:26)","syscall":"getaddrinfo","timestamp":"2025-03-12T01:38:38.662Z"}
{"code":"EAI_FAIL","errno":-3004,"hostname":"redis://default:hwWyuccGijcpixZBHCUdKwwroSoFLalD@redis.railway.internal:6379","level":"error","message":"Redis Error: getaddrinfo EAI_FAIL redis://default:hwWyuccGijcpixZBHCUdKwwroSoFLalD@redis.railway.internal:6379","service":"authService","stack":"Error: getaddrinfo EAI_FAIL redis://default:hwWyuccGijcpixZBHCUdKwwroSoFLalD@redis.railway.internal:6379\n    at GetAddrInfoReqWrap.onlookup [as oncomplete] (node:dns:109:26)","syscall":"getaddrinfo","timestamp":"2025-03-12T01:38:38.923Z"}
{"code":"EAI_FAIL","errno":-3004,"hostname":"redis://default:hwWyuccGijcpixZBHCUdKwwroSoFLalD@redis.railway.internal:6379","level":"error","message":"Redis Error: getaddrinfo EAI_FAIL redis://default:hwWyuccGijcpixZBHCUdKwwroSoFLalD@redis.railway.internal:6379","service":"authService","stack":"Error: getaddrinfo EAI_FAIL redis://default:hwWyuccGijcpixZBHCUdKwwroSoFLalD@redis.railway.internal:6379\n    at GetAddrInfoReqWrap.onlookup [as oncomplete] (node:dns:109:26)","syscall":"getaddrinfo","timestamp":"2025-03-12T01:38:39.229Z"}
{"code":"EAI_FAIL","errno":-3004,"hostname":"redis://default:hwWyuccGijcpixZBHCUdKwwroSoFLalD@redis.railway.internal:6379","level":"error","message":"Redis Error: getaddrinfo EAI_FAIL redis://default:hwWyuccGijcpixZBHCUdKwwroSoFLalD@redis.railway.internal:6379","service":"authService","stack":"Error: getaddrinfo EAI_FAIL redis://default:hwWyuccGijcpixZBHCUdKwwroSoFLalD@redis.railway.internal:6379\n    at GetAddrInfoReqWrap.onlookup [as oncomplete] (node:dns:109:26)","syscall":"getaddrinfo","timestamp":"2025-03-12T01:38:39.599Z"}
{"code":"EAI_FAIL","errno":-3004,"hostname":"redis://default:hwWyuccGijcpixZBHCUdKwwroSoFLalD@redis.railway.internal:6379","level":"error","message":"Redis Error: getaddrinfo EAI_FAIL redis://default:hwWyuccGijcpixZBHCUdKwwroSoFLalD@redis.railway.internal:6379","service":"authService","stack":"Error: getaddrinfo EAI_FAIL redis://default:hwWyuccGijcpixZBHCUdKwwroSoFLalD@redis.railway.internal:6379\n    at GetAddrInfoReqWrap.onlookup [as oncomplete] (node:dns:109:26)","syscall":"getaddrinfo","timestamp":"2025-03-12T01:38:40.013Z"}
{"level":"info","message":"Connected to mongoDb","service":"authService","timestamp":"2025-03-12T01:38:40.076Z"}
{"code":"EAI_FAIL","errno":-3004,"hostname":"redis://default:hwWyuccGijcpixZBHCUdKwwroSoFLalD@redis.railway.internal:6379","level":"error","message":"Redis Error: getaddrinfo EAI_FAIL redis://default:hwWyuccGijcpixZBHCUdKwwroSoFLalD@redis.railway.internal:6379","service":"authService","stack":"Error: getaddrinfo EAI_FAIL redis://default:hwWyuccGijcpixZBHCUdKwwroSoFLalD@redis.railway.internal:6379\n    at GetAddrInfoReqWrap.onlookup [as oncomplete] (node:dns:109:26)","syscall":"getaddrinfo","timestamp":"2025-03-12T01:38:40.466Z"}
{"code":"EAI_FAIL","errno":-3004,"hostname":"redis://default:hwWyuccGijcpixZBHCUdKwwroSoFLalD@redis.railway.internal:6379","level":"error","message":"Redis Error: getaddrinfo EAI_FAIL redis://default:hwWyuccGijcpixZBHCUdKwwroSoFLalD@redis.railway.internal:6379","service":"authService","stack":"Error: getaddrinfo EAI_FAIL redis://default:hwWyuccGijcpixZBHCUdKwwroSoFLalD@redis.railway.internal:6379\n    at GetAddrInfoReqWrap.onlookup [as oncomplete] (node:dns:109:26)","syscall":"getaddrinfo","timestamp":"2025-03-12T01:38:40.971Z"}
{"code":"EAI_FAIL","errno":-3004,"hostname":"redis://default:hwWyuccGijcpixZBHCUdKwwroSoFLalD@redis.railway.internal:6379","level":"error","message":"Redis Error: getaddrinfo EAI_FAIL redis://default:hwWyuccGijcpixZBHCUdKwwroSoFLalD@redis.railway.internal:6379","service":"authService","stack":"Error: getaddrinfo EAI_FAIL redis://default:hwWyuccGijcpixZBHCUdKwwroSoFLalD@redis.railway.internal:6379\n    at GetAddrInfoReqWrap.onlookup [as oncomplete] (node:dns:109:26)","syscall":"getaddrinfo","timestamp":"2025-03-12T01:38:41.533Z"}
{"code":"EAI_FAIL","errno":-3004,"hostname":"redis://default:hwWyuccGijcpixZBHCUdKwwroSoFLalD@redis.railway.internal:6379","level":"error","message":"Redis Error: getaddrinfo EAI_FAIL redis://default:hwWyuccGijcpixZBHCUdKwwroSoFLalD@redis.railway.internal:6379","service":"authService","stack":"Error: getaddrinfo EAI_FAIL redis://default:hwWyuccGijcpixZBHCUdKwwroSoFLalD@redis.railway.internal:6379\n    at GetAddrInfoReqWrap.onlookup [as oncomplete] (node:dns:109:26)","syscall":"getaddrinfo","timestamp":"2025-03-12T01:38:42.141Z"}
{"code":"EAI_FAIL","errno":-3004,"hostname":"redis://default:hwWyuccGijcpixZBHCUdKwwroSoFLalD@redis.railway.internal:6379","level":"error","message":"Redis Error: getaddrinfo EAI_FAIL redis://default:hwWyuccGijcpixZBHCUdKwwroSoFLalD@redis.railway.internal:6379","service":"authService","stack":"Error: getaddrinfo EAI_FAIL redis://default:hwWyuccGijcpixZBHCUdKwwroSoFLalD@redis.railway.internal:6379\n    at GetAddrInfoReqWrap.onlookup [as oncomplete] (node:dns:109:26)","syscall":"getaddrinfo","timestamp":"2025-03-12T01:38:42.802Z"}
{"code":"EAI_FAIL","errno":-3004,"hostname":"redis://default:hwWyuccGijcpixZBHCUdKwwroSoFLalD@redis.railway.internal:6379","level":"error","message":"Redis Error: getaddrinfo EAI_FAIL redis://default:hwWyuccGijcpixZBHCUdKwwroSoFLalD@redis.railway.internal:6379","service":"authService","stack":"Error: getaddrinfo EAI_FAIL redis://default:hwWyuccGijcpixZBHCUdKwwroSoFLalD@redis.railway.internal:6379\n    at GetAddrInfoReqWrap.onlookup [as oncomplete] (node:dns:109:26)","syscall":"getaddrinfo","timestamp":"2025-03-12T01:38:43.522Z"}
{"code":"EAI_FAIL","errno":-3004,"hostname":"redis://default:hwWyuccGijcpixZBHCUdKwwroSoFLalD@redis.railway.internal:6379","level":"error","message":"Redis Error: getaddrinfo EAI_FAIL redis://default:hwWyuccGijcpixZBHCUdKwwroSoFLalD@redis.railway.internal:6379","service":"authService","stack":"Error: getaddrinfo EAI_FAIL redis://default:hwWyuccGijcpixZBHCUdKwwroSoFLalD@redis.railway.internal:6379\n    at GetAddrInfoReqWrap.onlookup [as oncomplete] (node:dns:109:26)","syscall":"getaddrinfo","timestamp":"2025-03-12T01:38:44.290Z"}
{"code":"EAI_FAIL","errno":-3004,"hostname":"redis://default:hwWyuccGijcpixZBHCUdKwwroSoFLalD@redis.railway.internal:6379","level":"error","message":"Redis Error: getaddrinfo EAI_FAIL redis://default:hwWyuccGijcpixZBHCUdKwwroSoFLalD@redis.railway.internal:6379","service":"authService","stack":"Error: getaddrinfo EAI_FAIL redis://default:hwWyuccGijcpixZBHCUdKwwroSoFLalD@redis.railway.internal:6379\n    at GetAddrInfoReqWrap.onlookup [as oncomplete] (node:dns:109:26)","syscall":"getaddrinfo","timestamp":"2025-03-12T01:38:45.102Z"}
{"code":"EAI_FAIL","errno":-3004,"hostname":"redis://default:hwWyuccGijcpixZBHCUdKwwroSoFLalD@redis.railway.internal:6379","level":"error","message":"Redis Error: getaddrinfo EAI_FAIL redis://default:hwWyuccGijcpixZBHCUdKwwroSoFLalD@redis.railway.internal:6379","service":"authService","stack":"Error: getaddrinfo EAI_FAIL redis://default:hwWyuccGijcpixZBHCUdKwwroSoFLalD@redis.railway.internal:6379\n    at GetAddrInfoReqWrap.onlookup [as oncomplete] (node:dns:109:26)","syscall":"getaddrinfo","timestamp":"2025-03-12T01:38:45.967Z"}
{"code":"EAI_FAIL","errno":-3004,"hostname":"redis://default:hwWyuccGijcpixZBHCUdKwwroSoFLalD@redis.railway.internal:6379","level":"error","message":"Redis Error: getaddrinfo EAI_FAIL redis://default:hwWyuccGijcpixZBHCUdKwwroSoFLalD@redis.railway.internal:6379","service":"authService","stack":"Error: getaddrinfo EAI_FAIL redis://default:hwWyuccGijcpixZBHCUdKwwroSoFLalD@redis.railway.internal:6379\n    at GetAddrInfoReqWrap.onlookup [as oncomplete] (node:dns:109:26)","syscall":"getaddrinfo","timestamp":"2025-03-12T01:38:46.906Z"}
{"code":"EAI_FAIL","errno":-3004,"hostname":"redis://default:hwWyuccGijcpixZBHCUdKwwroSoFLalD@redis.railway.internal:6379","level":"error","message":"Redis Error: getaddrinfo EAI_FAIL redis://default:hwWyuccGijcpixZBHCUdKwwroSoFLalD@redis.railway.internal:6379","service":"authService","stack":"Error: getaddrinfo EAI_FAIL redis://default:hwWyuccGijcpixZBHCUdKwwroSoFLalD@redis.railway.internal:6379\n    at GetAddrInfoReqWrap.onlookup [as oncomplete] (node:dns:109:26)","syscall":"getaddrinfo","timestamp":"2025-03-12T01:38:47.939Z"}
{"code":"EAI_FAIL","errno":-3004,"hostname":"redis://default:hwWyuccGijcpixZBHCUdKwwroSoFLalD@redis.railway.internal:6379","level":"error","message":"Redis Error: getaddrinfo EAI_FAIL redis://default:hwWyuccGijcpixZBHCUdKwwroSoFLalD@redis.railway.internal:6379","service":"authService","stack":"Error: getaddrinfo EAI_FAIL redis://default:hwWyuccGijcpixZBHCUdKwwroSoFLalD@redis.railway.internal:6379\n    at GetAddrInfoReqWrap.onlookup [as oncomplete] (node:dns:109:26)","syscall":"getaddrinfo","timestamp":"2025-03-12T01:38:49.027Z"}
{"code":"EAI_FAIL","errno":-3004,"hostname":"redis://default:hwWyuccGijcpixZBHCUdKwwroSoFLalD@redis.railway.internal:6379","level":"error","message":"Redis Error: getaddrinfo EAI_FAIL redis://default:hwWyuccGijcpixZBHCUdKwwroSoFLalD@redis.railway.internal:6379","service":"authService","stack":"Error: getaddrinfo EAI_FAIL redis://default:hwWyuccGijcpixZBHCUdKwwroSoFLalD@redis.railway.internal:6379\n    at GetAddrInfoReqWrap.onlookup [as oncomplete] (node:dns:109:26)","syscall":"getaddrinfo","timestamp":"2025-03-12T01:38:50.140Z"}
{"code":"EAI_FAIL","errno":-3004,"hostname":"redis://default:hwWyuccGijcpixZBHCUdKwwroSoFLalD@redis.railway.internal:6379","level":"error","message":"Redis Error: getaddrinfo EAI_FAIL redis://default:hwWyuccGijcpixZBHCUdKwwroSoFLalD@redis.railway.internal:6379","service":"authService","stack":"Error: getaddrinfo EAI_FAIL redis://default:hwWyuccGijcpixZBHCUdKwwroSoFLalD@redis.railway.internal:6379\n    at GetAddrInfoReqWrap.onlookup [as oncomplete] (node:dns:109:26)","syscall":"getaddrinfo","timestamp":"2025-03-12T01:38:51.250Z"}
{"code":"EAI_FAIL","errno":-3004,"hostname":"redis://default:hwWyuccGijcpixZBHCUdKwwroSoFLalD@redis.railway.internal:6379","level":"error","message":"Redis Error: getaddrinfo EAI_FAIL redis://default:hwWyuccGijcpixZBHCUdKwwroSoFLalD@redis.railway.internal:6379","service":"authService","stack":"Error: getaddrinfo EAI_FAIL redis://default:hwWyuccGijcpixZBHCUdKwwroSoFLalD@redis.railway.internal:6379\n    at GetAddrInfoReqWrap.onlookup [as oncomplete] (node:dns:109:26)","syscall":"getaddrinfo","timestamp":"2025-03-12T01:38:52.416Z"}
{"code":"EAI_FAIL","errno":-3004,"hostname":"redis://default:hwWyuccGijcpixZBHCUdKwwroSoFLalD@redis.railway.internal:6379","level":"error","message":"Redis Error: getaddrinfo EAI_FAIL redis://default:hwWyuccGijcpixZBHCUdKwwroSoFLalD@redis.railway.internal:6379","service":"authService","stack":"Error: getaddrinfo EAI_FAIL redis://default:hwWyuccGijcpixZBHCUdKwwroSoFLalD@redis.railway.internal:6379\n    at GetAddrInfoReqWrap.onlookup [as oncomplete] (node:dns:109:26)","syscall":"getaddrinfo","timestamp":"2025-03-12T01:38:53.620Z"}
{"code":"EAI_FAIL","errno":-3004,"hostname":"redis://default:hwWyuccGijcpixZBHCUdKwwroSoFLalD@redis.railway.internal:6379","level":"error","message":"Redis Error: getaddrinfo EAI_FAIL redis://default:hwWyuccGijcpixZBHCUdKwwroSoFLalD@redis.railway.internal:6379","service":"authService","stack":"Error: getaddrinfo EAI_FAIL redis://default:hwWyuccGijcpixZBHCUdKwwroSoFLalD@redis.railway.internal:6379\n    at GetAddrInfoReqWrap.onlookup [as oncomplete] (node:dns:109:26)","syscall":"getaddrinfo","timestamp":"2025-03-12T01:38:54.879Z"}
{"code":"EAI_FAIL","errno":-3004,"hostname":"redis://default:hwWyuccGijcpixZBHCUdKwwroSoFLalD@redis.railway.internal:6379","level":"error","message":"Redis Error: getaddrinfo EAI_FAIL redis://default:hwWyuccGijcpixZBHCUdKwwroSoFLalD@redis.railway.internal:6379","service":"authService","stack":"Error: getaddrinfo EAI_FAIL redis://default:hwWyuccGijcpixZBHCUdKwwroSoFLalD@redis.railway.internal:6379\n    at GetAddrInfoReqWrap.onlookup [as oncomplete] (node:dns:109:26)","syscall":"getaddrinfo","timestamp":"2025-03-12T01:38:56.198Z"}
{"code":"EAI_FAIL","errno":-3004,"hostname":"redis://default:hwWyuccGijcpixZBHCUdKwwroSoFLalD@redis.railway.internal:6379","level":"error","message":"Redis Error: getaddrinfo EAI_FAIL redis://default:hwWyuccGijcpixZBHCUdKwwroSoFLalD@redis.railway.internal:6379","service":"authService","stack":"Error: getaddrinfo EAI_FAIL redis://default:hwWyuccGijcpixZBHCUdKwwroSoFLalD@redis.railway.internal:6379\n    at GetAddrInfoReqWrap.onlookup [as oncomplete] (node:dns:109:26)","syscall":"getaddrinfo","timestamp":"2025-03-12T01:38:57.563Z"}
{"code":"EAI_FAIL","errno":-3004,"hostname":"redis://default:hwWyuccGijcpixZBHCUdKwwroSoFLalD@redis.railway.internal:6379","level":"error","message":"Redis Error: getaddrinfo EAI_FAIL redis://default:hwWyuccGijcpixZBHCUdKwwroSoFLalD@redis.railway.internal:6379","service":"authService","stack":"Error: getaddrinfo EAI_FAIL redis://default:hwWyuccGijcpixZBHCUdKwwroSoFLalD@redis.railway.internal:6379\n    at GetAddrInfoReqWrap.onlookup [as oncomplete] (node:dns:109:26)","syscall":"getaddrinfo","timestamp":"2025-03-12T01:38:58.971Z"}
{"code":"EAI_FAIL","errno":-3004,"hostname":"redis://default:hwWyuccGijcpixZBHCUdKwwroSoFLalD@redis.railway.internal:6379","level":"error","message":"Redis Error: getaddrinfo EAI_FAIL redis://default:hwWyuccGijcpixZBHCUdKwwroSoFLalD@redis.railway.internal:6379","service":"authService","stack":"Error: getaddrinfo EAI_FAIL redis://default:hwWyuccGijcpixZBHCUdKwwroSoFLalD@redis.railway.internal:6379\n    at GetAddrInfoReqWrap.onlookup [as oncomplete] (node:dns:109:26)","syscall":"getaddrinfo","timestamp":"2025-03-12T01:39:00.427Z"}
{"code":"EAI_FAIL","errno":-3004,"hostname":"redis://default:hwWyuccGijcpixZBHCUdKwwroSoFLalD@redis.railway.internal:6379","level":"error","message":"Redis Error: getaddrinfo EAI_FAIL redis://default:hwWyuccGijcpixZBHCUdKwwroSoFLalD@redis.railway.internal:6379","service":"authService","stack":"Error: getaddrinfo EAI_FAIL redis://default:hwWyuccGijcpixZBHCUdKwwroSoFLalD@redis.railway.internal:6379\n    at GetAddrInfoReqWrap.onlookup [as oncomplete] (node:dns:109:26)","syscall":"getaddrinfo","timestamp":"2025-03-12T01:39:01.945Z"}
{"code":"EAI_FAIL","errno":-3004,"hostname":"redis://default:hwWyuccGijcpixZBHCUdKwwroSoFLalD@redis.railway.internal:6379","level":"error","message":"Redis Error: getaddrinfo EAI_FAIL redis://default:hwWyuccGijcpixZBHCUdKwwroSoFLalD@redis.railway.internal:6379","service":"authService","stack":"Error: getaddrinfo EAI_FAIL redis://default:hwWyuccGijcpixZBHCUdKwwroSoFLalD@redis.railway.internal:6379\n    at GetAddrInfoReqWrap.onlookup [as oncomplete] (node:dns:109:26)","syscall":"getaddrinfo","timestamp":"2025-03-12T01:39:03.546Z"}
{"code":"EAI_FAIL","errno":-3004,"hostname":"redis://default:hwWyuccGijcpixZBHCUdKwwroSoFLalD@redis.railway.internal:6379","level":"error","message":"Redis Error: getaddrinfo EAI_FAIL redis://default:hwWyuccGijcpixZBHCUdKwwroSoFLalD@redis.railway.internal:6379","service":"authService","stack":"Error: getaddrinfo EAI_FAIL redis://default:hwWyuccGijcpixZBHCUdKwwroSoFLalD@redis.railway.internal:6379\n    at GetAddrInfoReqWrap.onlookup [as oncomplete] (node:dns:109:26)","syscall":"getaddrinfo","timestamp":"2025-03-12T01:39:05.208Z"}
{"code":"EAI_FAIL","errno":-3004,"hostname":"redis://default:hwWyuccGijcpixZBHCUdKwwroSoFLalD@redis.railway.internal:6379","level":"error","message":"Redis Error: getaddrinfo EAI_FAIL redis://default:hwWyuccGijcpixZBHCUdKwwroSoFLalD@redis.railway.internal:6379","service":"authService","stack":"Error: getaddrinfo EAI_FAIL redis://default:hwWyuccGijcpixZBHCUdKwwroSoFLalD@redis.railway.internal:6379\n    at GetAddrInfoReqWrap.onlookup [as oncomplete] (node:dns:109:26)","syscall":"getaddrinfo","timestamp":"2025-03-12T01:39:06.870Z"}
{"code":"EAI_FAIL","errno":-3004,"hostname":"redis://default:hwWyuccGijcpixZBHCUdKwwroSoFLalD@redis.railway.internal:6379","level":"error","message":"Redis Error: getaddrinfo EAI_FAIL redis://default:hwWyuccGijcpixZBHCUdKwwroSoFLalD@redis.railway.internal:6379","service":"authService","stack":"Error: getaddrinfo EAI_FAIL redis://default:hwWyuccGijcpixZBHCUdKwwroSoFLalD@redis.railway.internal:6379\n    at GetAddrInfoReqWrap.onlookup [as oncomplete] (node:dns:109:26)","syscall":"getaddrinfo","timestamp":"2025-03-12T01:39:08.577Z"}
{"code":"EAI_FAIL","errno":-3004,"hostname":"redis://default:hwWyuccGijcpixZBHCUdKwwroSoFLalD@redis.railway.internal:6379","level":"error","message":"Redis Error: getaddrinfo EAI_FAIL redis://default:hwWyuccGijcpixZBHCUdKwwroSoFLalD@redis.railway.internal:6379","service":"authService","stack":"Error: getaddrinfo EAI_FAIL redis://default:hwWyuccGijcpixZBHCUdKwwroSoFLalD@redis.railway.internal:6379\n    at GetAddrInfoReqWrap.onlookup [as oncomplete] (node:dns:109:26)","syscall":"getaddrinfo","timestamp":"2025-03-12T01:39:10.340Z"}
{"code":"EAI_FAIL","errno":-3004,"hostname":"redis://default:hwWyuccGijcpixZBHCUdKwwroSoFLalD@redis.railway.internal:6379","level":"error","message":"Redis Error: getaddrinfo EAI_FAIL redis://default:hwWyuccGijcpixZBHCUdKwwroSoFLalD@redis.railway.internal:6379","service":"authService","stack":"Error: getaddrinfo EAI_FAIL redis://default:hwWyuccGijcpixZBHCUdKwwroSoFLalD@redis.railway.internal:6379\n    at GetAddrInfoReqWrap.onlookup [as oncomplete] (node:dns:109:26)","syscall":"getaddrinfo","timestamp":"2025-03-12T01:39:12.164Z"}
{"code":"EAI_FAIL","errno":-3004,"hostname":"redis://default:hwWyuccGijcpixZBHCUdKwwroSoFLalD@redis.railway.internal:6379","level":"error","message":"Redis Error: getaddrinfo EAI_FAIL redis://default:hwWyuccGijcpixZBHCUdKwwroSoFLalD@redis.railway.internal:6379","service":"authService","stack":"Error: getaddrinfo EAI_FAIL redis://default:hwWyuccGijcpixZBHCUdKwwroSoFLalD@redis.railway.internal:6379\n    at GetAddrInfoReqWrap.onlookup [as oncomplete] (node:dns:109:26)","syscall":"getaddrinfo","timestamp":"2025-03-12T01:39:14.033Z"}
{"code":"EAI_FAIL","errno":-3004,"hostname":"redis://default:hwWyuccGijcpixZBHCUdKwwroSoFLalD@redis.railway.internal:6379","level":"error","message":"Redis Error: getaddrinfo EAI_FAIL redis://default:hwWyuccGijcpixZBHCUdKwwroSoFLalD@redis.railway.internal:6379","service":"authService","stack":"Error: getaddrinfo EAI_FAIL redis://default:hwWyuccGijcpixZBHCUdKwwroSoFLalD@redis.railway.internal:6379\n    at GetAddrInfoReqWrap.onlookup [as oncomplete] (node:dns:109:26)","syscall":"getaddrinfo","timestamp":"2025-03-12T01:39:15.960Z"}
{"code":"EAI_FAIL","errno":-3004,"hostname":"redis://default:hwWyuccGijcpixZBHCUdKwwroSoFLalD@redis.railway.internal:6379","level":"error","message":"Redis Error: getaddrinfo EAI_FAIL redis://default:hwWyuccGijcpixZBHCUdKwwroSoFLalD@redis.railway.internal:6379","service":"authService","stack":"Error: getaddrinfo EAI_FAIL redis://default:hwWyuccGijcpixZBHCUdKwwroSoFLalD@redis.railway.internal:6379\n    at GetAddrInfoReqWrap.onlookup [as oncomplete] (node:dns:109:26)","syscall":"getaddrinfo","timestamp":"2025-03-12T01:39:17.959Z"}
{"code":"EAI_FAIL","errno":-3004,"hostname":"redis://default:hwWyuccGijcpixZBHCUdKwwroSoFLalD@redis.railway.internal:6379","level":"error","message":"Redis Error: getaddrinfo EAI_FAIL redis://default:hwWyuccGijcpixZBHCUdKwwroSoFLalD@redis.railway.internal:6379","service":"authService","stack":"Error: getaddrinfo EAI_FAIL redis://default:hwWyuccGijcpixZBHCUdKwwroSoFLalD@redis.railway.internal:6379\n    at GetAddrInfoReqWrap.onlookup [as oncomplete] (node:dns:109:26)","syscall":"getaddrinfo","timestamp":"2025-03-12T01:39:19.964Z"}
{"code":"EAI_FAIL","errno":-3004,"hostname":"redis://default:hwWyuccGijcpixZBHCUdKwwroSoFLalD@redis.railway.internal:6379","level":"error","message":"Redis Error: getaddrinfo EAI_FAIL redis://default:hwWyuccGijcpixZBHCUdKwwroSoFLalD@redis.railway.internal:6379","service":"authService","stack":"Error: getaddrinfo EAI_FAIL redis://default:hwWyuccGijcpixZBHCUdKwwroSoFLalD@redis.railway.internal:6379\n    at GetAddrInfoReqWrap.onlookup [as oncomplete] (node:dns:109:26)","syscall":"getaddrinfo","timestamp":"2025-03-12T01:39:21.976Z"}
{"code":"EAI_FAIL","errno":-3004,"hostname":"redis://default:hwWyuccGijcpixZBHCUdKwwroSoFLalD@redis.railway.internal:6379","level":"error","message":"Redis Error: getaddrinfo EAI_FAIL redis://default:hwWyuccGijcpixZBHCUdKwwroSoFLalD@redis.railway.internal:6379","service":"authService","stack":"Error: getaddrinfo EAI_FAIL redis://default:hwWyuccGijcpixZBHCUdKwwroSoFLalD@redis.railway.internal:6379\n    at GetAddrInfoReqWrap.onlookup [as oncomplete] (node:dns:109:26)","syscall":"getaddrinfo","timestamp":"2025-03-12T01:39:24.003Z"}
{"level":"info","message":"Server is running on port:  5000","service":"authService","timestamp":"2025-03-12T01:39:38.659Z"}
{"code":"ENOTFOUND","errno":-3008,"hostname":"redis.railway.internal","level":"error","message":"Redis Error: getaddrinfo ENOTFOUND redis.railway.internal","service":"authService","stack":"Error: getaddrinfo ENOTFOUND redis.railway.internal\n    at GetAddrInfoReqWrap.onlookup [as oncomplete] (node:dns:109:26)","syscall":"getaddrinfo","timestamp":"2025-03-12T01:39:38.828Z"}
{"code":"ENOTFOUND","errno":-3008,"hostname":"redis.railway.internal","level":"error","message":"Redis Error: getaddrinfo ENOTFOUND redis.railway.internal","service":"authService","stack":"Error: getaddrinfo ENOTFOUND redis.railway.internal\n    at GetAddrInfoReqWrap.onlookup [as oncomplete] (node:dns:109:26)","syscall":"getaddrinfo","timestamp":"2025-03-12T01:39:38.885Z"}
{"code":"ENOTFOUND","errno":-3008,"hostname":"redis.railway.internal","level":"error","message":"Redis Error: getaddrinfo ENOTFOUND redis.railway.internal","service":"authService","stack":"Error: getaddrinfo ENOTFOUND redis.railway.internal\n    at GetAddrInfoReqWrap.onlookup [as oncomplete] (node:dns:109:26)","syscall":"getaddrinfo","timestamp":"2025-03-12T01:39:39.006Z"}
{"code":"ENOTFOUND","errno":-3008,"hostname":"redis.railway.internal","level":"error","message":"Redis Error: getaddrinfo ENOTFOUND redis.railway.internal","service":"authService","stack":"Error: getaddrinfo ENOTFOUND redis.railway.internal\n    at GetAddrInfoReqWrap.onlookup [as oncomplete] (node:dns:109:26)","syscall":"getaddrinfo","timestamp":"2025-03-12T01:39:39.431Z"}
{"code":"ENOTFOUND","errno":-3008,"hostname":"redis.railway.internal","level":"error","message":"Redis Error: getaddrinfo ENOTFOUND redis.railway.internal","service":"authService","stack":"Error: getaddrinfo ENOTFOUND redis.railway.internal\n    at GetAddrInfoReqWrap.onlookup [as oncomplete] (node:dns:109:26)","syscall":"getaddrinfo","timestamp":"2025-03-12T01:39:39.649Z"}
{"code":"ENOTFOUND","errno":-3008,"hostname":"redis.railway.internal","level":"error","message":"Redis Error: getaddrinfo ENOTFOUND redis.railway.internal","service":"authService","stack":"Error: getaddrinfo ENOTFOUND redis.railway.internal\n    at GetAddrInfoReqWrap.onlookup [as oncomplete] (node:dns:109:26)","syscall":"getaddrinfo","timestamp":"2025-03-12T01:39:39.910Z"}
{"code":"ENOTFOUND","errno":-3008,"hostname":"redis.railway.internal","level":"error","message":"Redis Error: getaddrinfo ENOTFOUND redis.railway.internal","service":"authService","stack":"Error: getaddrinfo ENOTFOUND redis.railway.internal\n    at GetAddrInfoReqWrap.onlookup [as oncomplete] (node:dns:109:26)","syscall":"getaddrinfo","timestamp":"2025-03-12T01:39:40.216Z"}
{"code":"ENOTFOUND","errno":-3008,"hostname":"redis.railway.internal","level":"error","message":"Redis Error: getaddrinfo ENOTFOUND redis.railway.internal","service":"authService","stack":"Error: getaddrinfo ENOTFOUND redis.railway.internal\n    at GetAddrInfoReqWrap.onlookup [as oncomplete] (node:dns:109:26)","syscall":"getaddrinfo","timestamp":"2025-03-12T01:39:40.574Z"}
{"code":"ENOTFOUND","errno":-3008,"hostname":"redis.railway.internal","level":"error","message":"Redis Error: getaddrinfo ENOTFOUND redis.railway.internal","service":"authService","stack":"Error: getaddrinfo ENOTFOUND redis.railway.internal\n    at GetAddrInfoReqWrap.onlookup [as oncomplete] (node:dns:109:26)","syscall":"getaddrinfo","timestamp":"2025-03-12T01:39:40.986Z"}
{"level":"info","message":"Connected to mongoDb","service":"authService","timestamp":"2025-03-12T01:39:41.073Z"}
{"code":"ENOTFOUND","errno":-3008,"hostname":"redis.railway.internal","level":"error","message":"Redis Error: getaddrinfo ENOTFOUND redis.railway.internal","service":"authService","stack":"Error: getaddrinfo ENOTFOUND redis.railway.internal\n    at GetAddrInfoReqWrap.onlookup [as oncomplete] (node:dns:109:26)","syscall":"getaddrinfo","timestamp":"2025-03-12T01:39:41.457Z"}
{"code":"ENOTFOUND","errno":-3008,"hostname":"redis.railway.internal","level":"error","message":"Redis Error: getaddrinfo ENOTFOUND redis.railway.internal","service":"authService","stack":"Error: getaddrinfo ENOTFOUND redis.railway.internal\n    at GetAddrInfoReqWrap.onlookup [as oncomplete] (node:dns:109:26)","syscall":"getaddrinfo","timestamp":"2025-03-12T01:39:41.982Z"}
{"code":"ENOTFOUND","errno":-3008,"hostname":"redis.railway.internal","level":"error","message":"Redis Error: getaddrinfo ENOTFOUND redis.railway.internal","service":"authService","stack":"Error: getaddrinfo ENOTFOUND redis.railway.internal\n    at GetAddrInfoReqWrap.onlookup [as oncomplete] (node:dns:109:26)","syscall":"getaddrinfo","timestamp":"2025-03-12T01:39:42.540Z"}
{"code":"ENOTFOUND","errno":-3008,"hostname":"redis.railway.internal","level":"error","message":"Redis Error: getaddrinfo ENOTFOUND redis.railway.internal","service":"authService","stack":"Error: getaddrinfo ENOTFOUND redis.railway.internal\n    at GetAddrInfoReqWrap.onlookup [as oncomplete] (node:dns:109:26)","syscall":"getaddrinfo","timestamp":"2025-03-12T01:39:43.151Z"}
{"code":"ENOTFOUND","errno":-3008,"hostname":"redis.railway.internal","level":"error","message":"Redis Error: getaddrinfo ENOTFOUND redis.railway.internal","service":"authService","stack":"Error: getaddrinfo ENOTFOUND redis.railway.internal\n    at GetAddrInfoReqWrap.onlookup [as oncomplete] (node:dns:109:26)","syscall":"getaddrinfo","timestamp":"2025-03-12T01:39:43.820Z"}
{"code":"ENOTFOUND","errno":-3008,"hostname":"redis.railway.internal","level":"error","message":"Redis Error: getaddrinfo ENOTFOUND redis.railway.internal","service":"authService","stack":"Error: getaddrinfo ENOTFOUND redis.railway.internal\n    at GetAddrInfoReqWrap.onlookup [as oncomplete] (node:dns:109:26)","syscall":"getaddrinfo","timestamp":"2025-03-12T01:39:44.534Z"}
{"code":"ENOTFOUND","errno":-3008,"hostname":"redis.railway.internal","level":"error","message":"Redis Error: getaddrinfo ENOTFOUND redis.railway.internal","service":"authService","stack":"Error: getaddrinfo ENOTFOUND redis.railway.internal\n    at GetAddrInfoReqWrap.onlookup [as oncomplete] (node:dns:109:26)","syscall":"getaddrinfo","timestamp":"2025-03-12T01:39:45.300Z"}
{"code":"ENOTFOUND","errno":-3008,"hostname":"redis.railway.internal","level":"error","message":"Redis Error: getaddrinfo ENOTFOUND redis.railway.internal","service":"authService","stack":"Error: getaddrinfo ENOTFOUND redis.railway.internal\n    at GetAddrInfoReqWrap.onlookup [as oncomplete] (node:dns:109:26)","syscall":"getaddrinfo","timestamp":"2025-03-12T01:39:46.111Z"}
{"code":"ENOTFOUND","errno":-3008,"hostname":"redis.railway.internal","level":"error","message":"Redis Error: getaddrinfo ENOTFOUND redis.railway.internal","service":"authService","stack":"Error: getaddrinfo ENOTFOUND redis.railway.internal\n    at GetAddrInfoReqWrap.onlookup [as oncomplete] (node:dns:109:26)","syscall":"getaddrinfo","timestamp":"2025-03-12T01:39:46.970Z"}
{"code":"ENOTFOUND","errno":-3008,"hostname":"redis.railway.internal","level":"error","message":"Redis Error: getaddrinfo ENOTFOUND redis.railway.internal","service":"authService","stack":"Error: getaddrinfo ENOTFOUND redis.railway.internal\n    at GetAddrInfoReqWrap.onlookup [as oncomplete] (node:dns:109:26)","syscall":"getaddrinfo","timestamp":"2025-03-12T01:39:47.888Z"}
{"code":"ENOTFOUND","errno":-3008,"hostname":"redis.railway.internal","level":"error","message":"Redis Error: getaddrinfo ENOTFOUND redis.railway.internal","service":"authService","stack":"Error: getaddrinfo ENOTFOUND redis.railway.internal\n    at GetAddrInfoReqWrap.onlookup [as oncomplete] (node:dns:109:26)","syscall":"getaddrinfo","timestamp":"2025-03-12T01:39:48.854Z"}
{"code":"ENOTFOUND","errno":-3008,"hostname":"redis.railway.internal","level":"error","message":"Redis Error: getaddrinfo ENOTFOUND redis.railway.internal","service":"authService","stack":"Error: getaddrinfo ENOTFOUND redis.railway.internal\n    at GetAddrInfoReqWrap.onlookup [as oncomplete] (node:dns:109:26)","syscall":"getaddrinfo","timestamp":"2025-03-12T01:39:49.870Z"}
{"code":"ENOTFOUND","errno":-3008,"hostname":"redis.railway.internal","level":"error","message":"Redis Error: getaddrinfo ENOTFOUND redis.railway.internal","service":"authService","stack":"Error: getaddrinfo ENOTFOUND redis.railway.internal\n    at GetAddrInfoReqWrap.onlookup [as oncomplete] (node:dns:109:26)","syscall":"getaddrinfo","timestamp":"2025-03-12T01:39:50.930Z"}
{"code":"ENOTFOUND","errno":-3008,"hostname":"redis.railway.internal","level":"error","message":"Redis Error: getaddrinfo ENOTFOUND redis.railway.internal","service":"authService","stack":"Error: getaddrinfo ENOTFOUND redis.railway.internal\n    at GetAddrInfoReqWrap.onlookup [as oncomplete] (node:dns:109:26)","syscall":"getaddrinfo","timestamp":"2025-03-12T01:39:52.055Z"}
{"code":"ENOTFOUND","errno":-3008,"hostname":"redis.railway.internal","level":"error","message":"Redis Error: getaddrinfo ENOTFOUND redis.railway.internal","service":"authService","stack":"Error: getaddrinfo ENOTFOUND redis.railway.internal\n    at GetAddrInfoReqWrap.onlookup [as oncomplete] (node:dns:109:26)","syscall":"getaddrinfo","timestamp":"2025-03-12T01:39:53.228Z"}
{"code":"ENOTFOUND","errno":-3008,"hostname":"redis.railway.internal","level":"error","message":"Redis Error: getaddrinfo ENOTFOUND redis.railway.internal","service":"authService","stack":"Error: getaddrinfo ENOTFOUND redis.railway.internal\n    at GetAddrInfoReqWrap.onlookup [as oncomplete] (node:dns:109:26)","syscall":"getaddrinfo","timestamp":"2025-03-12T01:39:54.441Z"}
{"code":"ENOTFOUND","errno":-3008,"hostname":"redis.railway.internal","level":"error","message":"Redis Error: getaddrinfo ENOTFOUND redis.railway.internal","service":"authService","stack":"Error: getaddrinfo ENOTFOUND redis.railway.internal\n    at GetAddrInfoReqWrap.onlookup [as oncomplete] (node:dns:109:26)","syscall":"getaddrinfo","timestamp":"2025-03-12T01:39:55.705Z"}
{"level":"info","message":"Server is running on port:  5000","service":"authService","timestamp":"2025-03-12T01:40:10.102Z"}
{"code":"ENOTFOUND","errno":-3008,"hostname":"redis.railway.internal","level":"error","message":"Redis Error: getaddrinfo ENOTFOUND redis.railway.internal","service":"authService","stack":"Error: getaddrinfo ENOTFOUND redis.railway.internal\n    at GetAddrInfoReqWrap.onlookup [as oncomplete] (node:dns:109:26)","syscall":"getaddrinfo","timestamp":"2025-03-12T01:40:10.126Z"}
{"code":"ENOTFOUND","errno":-3008,"hostname":"redis.railway.internal","level":"error","message":"Redis Error: getaddrinfo ENOTFOUND redis.railway.internal","service":"authService","stack":"Error: getaddrinfo ENOTFOUND redis.railway.internal\n    at GetAddrInfoReqWrap.onlookup [as oncomplete] (node:dns:109:26)","syscall":"getaddrinfo","timestamp":"2025-03-12T01:40:10.192Z"}
{"code":"ENOTFOUND","errno":-3008,"hostname":"redis.railway.internal","level":"error","message":"Redis Error: getaddrinfo ENOTFOUND redis.railway.internal","service":"authService","stack":"Error: getaddrinfo ENOTFOUND redis.railway.internal\n    at GetAddrInfoReqWrap.onlookup [as oncomplete] (node:dns:109:26)","syscall":"getaddrinfo","timestamp":"2025-03-12T01:40:10.298Z"}
{"code":"ENOTFOUND","errno":-3008,"hostname":"redis.railway.internal","level":"error","message":"Redis Error: getaddrinfo ENOTFOUND redis.railway.internal","service":"authService","stack":"Error: getaddrinfo ENOTFOUND redis.railway.internal\n    at GetAddrInfoReqWrap.onlookup [as oncomplete] (node:dns:109:26)","syscall":"getaddrinfo","timestamp":"2025-03-12T01:40:10.469Z"}
{"code":"ENOTFOUND","errno":-3008,"hostname":"redis.railway.internal","level":"error","message":"Redis Error: getaddrinfo ENOTFOUND redis.railway.internal","service":"authService","stack":"Error: getaddrinfo ENOTFOUND redis.railway.internal\n    at GetAddrInfoReqWrap.onlookup [as oncomplete] (node:dns:109:26)","syscall":"getaddrinfo","timestamp":"2025-03-12T01:40:10.684Z"}
{"code":"ENOTFOUND","errno":-3008,"hostname":"redis.railway.internal","level":"error","message":"Redis Error: getaddrinfo ENOTFOUND redis.railway.internal","service":"authService","stack":"Error: getaddrinfo ENOTFOUND redis.railway.internal\n    at GetAddrInfoReqWrap.onlookup [as oncomplete] (node:dns:109:26)","syscall":"getaddrinfo","timestamp":"2025-03-12T01:40:10.943Z"}
{"code":"ENOTFOUND","errno":-3008,"hostname":"redis.railway.internal","level":"error","message":"Redis Error: getaddrinfo ENOTFOUND redis.railway.internal","service":"authService","stack":"Error: getaddrinfo ENOTFOUND redis.railway.internal\n    at GetAddrInfoReqWrap.onlookup [as oncomplete] (node:dns:109:26)","syscall":"getaddrinfo","timestamp":"2025-03-12T01:40:11.250Z"}
{"code":"ENOTFOUND","errno":-3008,"hostname":"redis.railway.internal","level":"error","message":"Redis Error: getaddrinfo ENOTFOUND redis.railway.internal","service":"authService","stack":"Error: getaddrinfo ENOTFOUND redis.railway.internal\n    at GetAddrInfoReqWrap.onlookup [as oncomplete] (node:dns:109:26)","syscall":"getaddrinfo","timestamp":"2025-03-12T01:40:11.620Z"}
{"code":"ENOTFOUND","errno":-3008,"hostname":"redis.railway.internal","level":"error","message":"Redis Error: getaddrinfo ENOTFOUND redis.railway.internal","service":"authService","stack":"Error: getaddrinfo ENOTFOUND redis.railway.internal\n    at GetAddrInfoReqWrap.onlookup [as oncomplete] (node:dns:109:26)","syscall":"getaddrinfo","timestamp":"2025-03-12T01:40:12.040Z"}
{"code":"ENOTFOUND","errno":-3008,"hostname":"redis.railway.internal","level":"error","message":"Redis Error: getaddrinfo ENOTFOUND redis.railway.internal","service":"authService","stack":"Error: getaddrinfo ENOTFOUND redis.railway.internal\n    at GetAddrInfoReqWrap.onlookup [as oncomplete] (node:dns:109:26)","syscall":"getaddrinfo","timestamp":"2025-03-12T01:40:12.508Z"}
{"level":"info","message":"Connected to mongoDb","service":"authService","timestamp":"2025-03-12T01:40:12.590Z"}
{"code":"ENOTFOUND","errno":-3008,"hostname":"redis.railway.internal","level":"error","message":"Redis Error: getaddrinfo ENOTFOUND redis.railway.internal","service":"authService","stack":"Error: getaddrinfo ENOTFOUND redis.railway.internal\n    at GetAddrInfoReqWrap.onlookup [as oncomplete] (node:dns:109:26)","syscall":"getaddrinfo","timestamp":"2025-03-12T01:40:13.012Z"}
{"code":"ENOTFOUND","errno":-3008,"hostname":"redis.railway.internal","level":"error","message":"Redis Error: getaddrinfo ENOTFOUND redis.railway.internal","service":"authService","stack":"Error: getaddrinfo ENOTFOUND redis.railway.internal\n    at GetAddrInfoReqWrap.onlookup [as oncomplete] (node:dns:109:26)","syscall":"getaddrinfo","timestamp":"2025-03-12T01:40:13.578Z"}
{"code":"ENOTFOUND","errno":-3008,"hostname":"redis.railway.internal","level":"error","message":"Redis Error: getaddrinfo ENOTFOUND redis.railway.internal","service":"authService","stack":"Error: getaddrinfo ENOTFOUND redis.railway.internal\n    at GetAddrInfoReqWrap.onlookup [as oncomplete] (node:dns:109:26)","syscall":"getaddrinfo","timestamp":"2025-03-12T01:40:14.189Z"}
{"code":"ENOTFOUND","errno":-3008,"hostname":"redis.railway.internal","level":"error","message":"Redis Error: getaddrinfo ENOTFOUND redis.railway.internal","service":"authService","stack":"Error: getaddrinfo ENOTFOUND redis.railway.internal\n    at GetAddrInfoReqWrap.onlookup [as oncomplete] (node:dns:109:26)","syscall":"getaddrinfo","timestamp":"2025-03-12T01:40:14.861Z"}
{"code":"ENOTFOUND","errno":-3008,"hostname":"redis.railway.internal","level":"error","message":"Redis Error: getaddrinfo ENOTFOUND redis.railway.internal","service":"authService","stack":"Error: getaddrinfo ENOTFOUND redis.railway.internal\n    at GetAddrInfoReqWrap.onlookup [as oncomplete] (node:dns:109:26)","syscall":"getaddrinfo","timestamp":"2025-03-12T01:40:15.565Z"}
{"code":"ENOTFOUND","errno":-3008,"hostname":"redis.railway.internal","level":"error","message":"Redis Error: getaddrinfo ENOTFOUND redis.railway.internal","service":"authService","stack":"Error: getaddrinfo ENOTFOUND redis.railway.internal\n    at GetAddrInfoReqWrap.onlookup [as oncomplete] (node:dns:109:26)","syscall":"getaddrinfo","timestamp":"2025-03-12T01:40:16.330Z"}
{"code":"ENOTFOUND","errno":-3008,"hostname":"redis.railway.internal","level":"error","message":"Redis Error: getaddrinfo ENOTFOUND redis.railway.internal","service":"authService","stack":"Error: getaddrinfo ENOTFOUND redis.railway.internal\n    at GetAddrInfoReqWrap.onlookup [as oncomplete] (node:dns:109:26)","syscall":"getaddrinfo","timestamp":"2025-03-12T01:40:17.142Z"}
{"code":"ENOTFOUND","errno":-3008,"hostname":"redis.railway.internal","level":"error","message":"Redis Error: getaddrinfo ENOTFOUND redis.railway.internal","service":"authService","stack":"Error: getaddrinfo ENOTFOUND redis.railway.internal\n    at GetAddrInfoReqWrap.onlookup [as oncomplete] (node:dns:109:26)","syscall":"getaddrinfo","timestamp":"2025-03-12T01:40:18.004Z"}
{"code":"ENOTFOUND","errno":-3008,"hostname":"redis.railway.internal","level":"error","message":"Redis Error: getaddrinfo ENOTFOUND redis.railway.internal","service":"authService","stack":"Error: getaddrinfo ENOTFOUND redis.railway.internal\n    at GetAddrInfoReqWrap.onlookup [as oncomplete] (node:dns:109:26)","syscall":"getaddrinfo","timestamp":"2025-03-12T01:40:18.913Z"}
{"code":"ENOTFOUND","errno":-3008,"hostname":"redis.railway.internal","level":"error","message":"Redis Error: getaddrinfo ENOTFOUND redis.railway.internal","service":"authService","stack":"Error: getaddrinfo ENOTFOUND redis.railway.internal\n    at GetAddrInfoReqWrap.onlookup [as oncomplete] (node:dns:109:26)","syscall":"getaddrinfo","timestamp":"2025-03-12T01:40:19.886Z"}
{"code":"ENOTFOUND","errno":-3008,"hostname":"redis.railway.internal","level":"error","message":"Redis Error: getaddrinfo ENOTFOUND redis.railway.internal","service":"authService","stack":"Error: getaddrinfo ENOTFOUND redis.railway.internal\n    at GetAddrInfoReqWrap.onlookup [as oncomplete] (node:dns:109:26)","syscall":"getaddrinfo","timestamp":"2025-03-12T01:40:20.902Z"}
{"code":"ENOTFOUND","errno":-3008,"hostname":"redis.railway.internal","level":"error","message":"Redis Error: getaddrinfo ENOTFOUND redis.railway.internal","service":"authService","stack":"Error: getaddrinfo ENOTFOUND redis.railway.internal\n    at GetAddrInfoReqWrap.onlookup [as oncomplete] (node:dns:109:26)","syscall":"getaddrinfo","timestamp":"2025-03-12T01:40:21.964Z"}
{"code":"ENOTFOUND","errno":-3008,"hostname":"redis.railway.internal","level":"error","message":"Redis Error: getaddrinfo ENOTFOUND redis.railway.internal","service":"authService","stack":"Error: getaddrinfo ENOTFOUND redis.railway.internal\n    at GetAddrInfoReqWrap.onlookup [as oncomplete] (node:dns:109:26)","syscall":"getaddrinfo","timestamp":"2025-03-12T01:40:23.080Z"}
{"code":"ENOTFOUND","errno":-3008,"hostname":"redis.railway.internal","level":"error","message":"Redis Error: getaddrinfo ENOTFOUND redis.railway.internal","service":"authService","stack":"Error: getaddrinfo ENOTFOUND redis.railway.internal\n    at GetAddrInfoReqWrap.onlookup [as oncomplete] (node:dns:109:26)","syscall":"getaddrinfo","timestamp":"2025-03-12T01:40:24.247Z"}
{"code":"ENOTFOUND","errno":-3008,"hostname":"redis.railway.internal","level":"error","message":"Redis Error: getaddrinfo ENOTFOUND redis.railway.internal","service":"authService","stack":"Error: getaddrinfo ENOTFOUND redis.railway.internal\n    at GetAddrInfoReqWrap.onlookup [as oncomplete] (node:dns:109:26)","syscall":"getaddrinfo","timestamp":"2025-03-12T01:40:25.464Z"}
{"code":"ENOTFOUND","errno":-3008,"hostname":"redis.railway.internal","level":"error","message":"Redis Error: getaddrinfo ENOTFOUND redis.railway.internal","service":"authService","stack":"Error: getaddrinfo ENOTFOUND redis.railway.internal\n    at GetAddrInfoReqWrap.onlookup [as oncomplete] (node:dns:109:26)","syscall":"getaddrinfo","timestamp":"2025-03-12T01:40:26.723Z"}
{"code":"ENOTFOUND","errno":-3008,"hostname":"redis.railway.internal","level":"error","message":"Redis Error: getaddrinfo ENOTFOUND redis.railway.internal","service":"authService","stack":"Error: getaddrinfo ENOTFOUND redis.railway.internal\n    at GetAddrInfoReqWrap.onlookup [as oncomplete] (node:dns:109:26)","syscall":"getaddrinfo","timestamp":"2025-03-12T01:40:28.028Z"}
{"code":"ENOTFOUND","errno":-3008,"hostname":"redis.railway.internal","level":"error","message":"Redis Error: getaddrinfo ENOTFOUND redis.railway.internal","service":"authService","stack":"Error: getaddrinfo ENOTFOUND redis.railway.internal\n    at GetAddrInfoReqWrap.onlookup [as oncomplete] (node:dns:109:26)","syscall":"getaddrinfo","timestamp":"2025-03-12T01:40:29.399Z"}
{"code":"ENOTFOUND","errno":-3008,"hostname":"redis.railway.internal","level":"error","message":"Redis Error: getaddrinfo ENOTFOUND redis.railway.internal","service":"authService","stack":"Error: getaddrinfo ENOTFOUND redis.railway.internal\n    at GetAddrInfoReqWrap.onlookup [as oncomplete] (node:dns:109:26)","syscall":"getaddrinfo","timestamp":"2025-03-12T01:40:30.819Z"}
{"code":"ENOTFOUND","errno":-3008,"hostname":"redis.railway.internal","level":"error","message":"Redis Error: getaddrinfo ENOTFOUND redis.railway.internal","service":"authService","stack":"Error: getaddrinfo ENOTFOUND redis.railway.internal\n    at GetAddrInfoReqWrap.onlookup [as oncomplete] (node:dns:109:26)","syscall":"getaddrinfo","timestamp":"2025-03-12T01:40:32.287Z"}
{"code":"ENOTFOUND","errno":-3008,"hostname":"redis.railway.internal","level":"error","message":"Redis Error: getaddrinfo ENOTFOUND redis.railway.internal","service":"authService","stack":"Error: getaddrinfo ENOTFOUND redis.railway.internal\n    at GetAddrInfoReqWrap.onlookup [as oncomplete] (node:dns:109:26)","syscall":"getaddrinfo","timestamp":"2025-03-12T01:40:33.802Z"}
{"code":"ENOTFOUND","errno":-3008,"hostname":"redis.railway.internal","level":"error","message":"Redis Error: getaddrinfo ENOTFOUND redis.railway.internal","service":"authService","stack":"Error: getaddrinfo ENOTFOUND redis.railway.internal\n    at GetAddrInfoReqWrap.onlookup [as oncomplete] (node:dns:109:26)","syscall":"getaddrinfo","timestamp":"2025-03-12T01:40:35.368Z"}
{"code":"ENOTFOUND","errno":-3008,"hostname":"redis.railway.internal","level":"error","message":"Redis Error: getaddrinfo ENOTFOUND redis.railway.internal","service":"authService","stack":"Error: getaddrinfo ENOTFOUND redis.railway.internal\n    at GetAddrInfoReqWrap.onlookup [as oncomplete] (node:dns:109:26)","syscall":"getaddrinfo","timestamp":"2025-03-12T01:40:36.984Z"}
{"code":"ENOTFOUND","errno":-3008,"hostname":"redis.railway.internal","level":"error","message":"Redis Error: getaddrinfo ENOTFOUND redis.railway.internal","service":"authService","stack":"Error: getaddrinfo ENOTFOUND redis.railway.internal\n    at GetAddrInfoReqWrap.onlookup [as oncomplete] (node:dns:109:26)","syscall":"getaddrinfo","timestamp":"2025-03-12T01:40:38.651Z"}
{"code":"ENOTFOUND","errno":-3008,"hostname":"redis.railway.internal","level":"error","message":"Redis Error: getaddrinfo ENOTFOUND redis.railway.internal","service":"authService","stack":"Error: getaddrinfo ENOTFOUND redis.railway.internal\n    at GetAddrInfoReqWrap.onlookup [as oncomplete] (node:dns:109:26)","syscall":"getaddrinfo","timestamp":"2025-03-12T01:40:40.368Z"}
{"code":"ENOTFOUND","errno":-3008,"hostname":"redis.railway.internal","level":"error","message":"Redis Error: getaddrinfo ENOTFOUND redis.railway.internal","service":"authService","stack":"Error: getaddrinfo ENOTFOUND redis.railway.internal\n    at GetAddrInfoReqWrap.onlookup [as oncomplete] (node:dns:109:26)","syscall":"getaddrinfo","timestamp":"2025-03-12T01:40:42.154Z"}
